{
  "duration" : 12943.896,
  "empty" : false,
  "failCount" : 31,
  "passCount" : 129,
  "skipCount" : 0,
  "suites" : [
    {
      "cases" : [
        {
          "age" : 0,
          "className" : "LookEngineBVT.BlueprintTest",
          "duration" : 167.25319,
          "errorDetails" : null,
          "errorStackTrace" : null,
          "failedSince" : 0,
          "name" : "BoulevardChangingLanguageTest",
          "skipped" : false,
          "skippedMessage" : null,
          "status" : "PASSED",
          "stderr" : null,
          "stdout" : null
        },
        {
          "age" : 1,
          "className" : "LookEngineBVT.BlueprintTest",
          "duration" : 87.7093,
          "errorDetails" : null,
          "errorStackTrace" : "\nMESSAGE:\nTest method LookEngineBVT.BlueprintTest.BoulevardPromoToBookTest threw exception: \nOpenQA.Selenium.NoSuchElementException: Unable to locate element: {\"method\":\"css selector\",\"selector\":\".promo-image .caption\"}\nCommand duration or timeout: 3.10 seconds\nFor documentation on this error, please visit: http://seleniumhq.org/exceptions/no_such_element.html\nBuild info: version: '2.41.0', revision: '3192d8a', time: '2014-03-27 17:17:32'\nSystem info: host: 'WIN-13R0IA3PN04', ip: '10.234.3.76', os.name: 'Windows Server 2012', os.arch: 'amd64', os.version: '6.2', java.version: '1.7.0_55'\nSession ID: 7b76b2dc-4e93-4c6d-adbb-b36fd9509efb\nDriver info: org.openqa.selenium.firefox.FirefoxDriver\nCapabilities [{platform=XP, acceptSslCerts=true, javascriptEnabled=true, cssSelectorsEnabled=true, databaseEnabled=true, browserName=firefox, handlesAlerts=true, browserConnectionEnabled=true, webStorageEnabled=true, nativeEvents=false, rotatable=false, locationContextEnabled=true, applicationCacheEnabled=true, takesScreenshot=true, version=29.0}]\n+++++++++++++++++++\nSTACK TRACE:\n    at OpenQA.Selenium.Remote.RemoteWebDriver.UnpackAndThrowOnError(Response errorResponse) in c:\\Projects\\webdriver\\dotnet\\src\\webdriver\\Remote\\RemoteWebDriver.cs:line 1048\n   at OpenQA.Selenium.Remote.RemoteWebDriver.Execute(String driverCommandToExecute, Dictionary`2 parameters) in c:\\Projects\\webdriver\\dotnet\\src\\webdriver\\Remote\\RemoteWebDriver.cs:line 862\n   at OpenQA.Selenium.Remote.RemoteWebDriver.FindElement(String mechanism, String value) in c:\\Projects\\webdriver\\dotnet\\src\\webdriver\\Remote\\RemoteWebDriver.cs:line 893\n   at OpenQA.Selenium.Remote.RemoteWebDriver.FindElementByCssSelector(String cssSelector) in c:\\Projects\\webdriver\\dotnet\\src\\webdriver\\Remote\\RemoteWebDriver.cs:line 692\n   at LookEngineBVT.BlueprintTest.BoulevardPromoToBookTest() in d:\\buuteeqGit\\qa\\LookEngineBVT\\BlueprintTest.cs:line 1479\n",
          "failedSince" : 198,
          "name" : "BoulevardPromoToBookTest",
          "skipped" : false,
          "skippedMessage" : null,
          "status" : "REGRESSION",
          "stderr" : null,
          "stdout" : null
        },
        {
          "age" : 0,
          "className" : "LookEngineBVT.BlueprintTest",
          "duration" : 132.84383,
          "errorDetails" : null,
          "errorStackTrace" : null,
          "failedSince" : 0,
          "name" : "Bug5537",
          "skipped" : false,
          "skippedMessage" : null,
          "status" : "PASSED",
          "stderr" : null,
          "stdout" : null
        },
        {
          "age" : 0,
          "className" : "LookEngineBVT.BlueprintTest",
          "duration" : 152.89577,
          "errorDetails" : null,
          "errorStackTrace" : null,
          "failedSince" : 0,
          "name" : "Bug5605",
          "skipped" : false,
          "skippedMessage" : null,
          "status" : "PASSED",
          "stderr" : null,
          "stdout" : null
        },
        {
          "age" : 0,
          "className" : "LookEngineBVT.BlueprintTest",
          "duration" : 44.77871,
          "errorDetails" : null,
          "errorStackTrace" : null,
          "failedSince" : 0,
          "name" : "CheckAndBeyondMemberSitesPhotos",
          "skipped" : false,
          "skippedMessage" : null,
          "status" : "PASSED",
          "stderr" : null,
          "stdout" : null
        },
        {
          "age" : 0,
          "className" : "LookEngineBVT.BlueprintTest",
          "duration" : 63.25569,
          "errorDetails" : null,
          "errorStackTrace" : null,
          "failedSince" : 0,
          "name" : "ChoiceMiniImageLogoTest",
          "skipped" : false,
          "skippedMessage" : null,
          "status" : "PASSED",
          "stderr" : null,
          "stdout" : null
        },
        {
          "age" : 1,
          "className" : "LookEngineBVT.BlueprintTest",
          "duration" : 27.701717,
          "errorDetails" : null,
          "errorStackTrace" : "\nMESSAGE:\nTest method LookEngineBVT.BlueprintTest.ChoiceTuxedoImageLogoTest threw exception: \nSystem.IO.FileNotFoundException: C:\\Users\\Administrator\\AppData\\Local\\Temp\\anonymous.b945ba2fb1414364a41de4958007d7e0.webdriver-profile\\extensions\\fxdriver@googlecode.com\\components\\httpd.js\n+++++++++++++++++++\nSTACK TRACE:\n    at Ionic.Zip.SharedUtilities.GetFileLength(String fileName) in :line 0\n   at Ionic.Zip.ZipEntry.MaybeUnsetCompressionMethodForWriting(Int32 cycle) in :line 0\n   at Ionic.Zip.ZipEntry.WriteHeader(Stream s, Int32 cycle) in :line 0\n   at Ionic.Zip.ZipEntry.Write(Stream s) in :line 0\n   at Ionic.Zip.ZipFile.Save() in :line 0\n   at Ionic.Zip.ZipFile.Save(Stream outputStream) in :line 0\n   at OpenQA.Selenium.Firefox.FirefoxProfile.ToBase64String() in c:\\Projects\\webdriver\\dotnet\\src\\webdriver\\Firefox\\FirefoxProfile.cs:line 330\n   at BVTTestProject.MobilePage.Initialize() in d:\\buuteeqGit\\qa\\BVTTest\\PageModels\\MobilePage.cs:line 48\n   at BVTTestProject.MobilePage.get_Driver() in d:\\buuteeqGit\\qa\\BVTTest\\PageModels\\MobilePage.cs:line 76\n   at BVTTestProject.MobilePage.NavigateTo(String newUrl) in d:\\buuteeqGit\\qa\\BVTTest\\PageModels\\MobilePage.cs:line 124\n   at LookEngineBVT.BlueprintTest.ChoiceTuxedoImageLogoTest() in d:\\buuteeqGit\\qa\\LookEngineBVT\\BlueprintTest.cs:line 1294\n",
          "failedSince" : 198,
          "name" : "ChoiceTuxedoImageLogoTest",
          "skipped" : false,
          "skippedMessage" : null,
          "status" : "REGRESSION",
          "stderr" : null,
          "stdout" : null
        },
        {
          "age" : 0,
          "className" : "LookEngineBVT.BlueprintTest",
          "duration" : 119.502914,
          "errorDetails" : null,
          "errorStackTrace" : null,
          "failedSince" : 0,
          "name" : "ComparingBoulevardMenuTest",
          "skipped" : false,
          "skippedMessage" : null,
          "status" : "FIXED",
          "stderr" : null,
          "stdout" : null
        },
        {
          "age" : 3,
          "className" : "LookEngineBVT.BlueprintTest",
          "duration" : 31.247227,
          "errorDetails" : null,
          "errorStackTrace" : "\nMESSAGE:\nTest method LookEngineBVT.BlueprintTest.ComparingMiniMenuTest threw exception: \nOpenQA.Selenium.NoSuchElementException: Unable to locate element: {\"method\":\"css selector\",\"selector\":\"li[sysmoduleid='285'] a\"}\nCommand duration or timeout: 3.54 seconds\nFor documentation on this error, please visit: http://seleniumhq.org/exceptions/no_such_element.html\nBuild info: version: '2.41.0', revision: '3192d8a', time: '2014-03-27 17:17:32'\nSystem info: host: 'WIN-13R0IA3PN04', ip: '10.234.3.76', os.name: 'Windows Server 2012', os.arch: 'amd64', os.version: '6.2', java.version: '1.7.0_55'\nSession ID: ae3d1ced-4c05-469c-b7dc-8d6649c12c03\nDriver info: org.openqa.selenium.firefox.FirefoxDriver\nCapabilities [{platform=XP, acceptSslCerts=true, javascriptEnabled=true, cssSelectorsEnabled=true, databaseEnabled=true, browserName=firefox, handlesAlerts=true, browserConnectionEnabled=true, webStorageEnabled=true, nativeEvents=false, rotatable=false, locationContextEnabled=true, applicationCacheEnabled=true, takesScreenshot=true, version=29.0}]\n+++++++++++++++++++\nSTACK TRACE:\n    at OpenQA.Selenium.Remote.RemoteWebDriver.UnpackAndThrowOnError(Response errorResponse) in c:\\Projects\\webdriver\\dotnet\\src\\webdriver\\Remote\\RemoteWebDriver.cs:line 1048\n   at OpenQA.Selenium.Remote.RemoteWebDriver.Execute(String driverCommandToExecute, Dictionary`2 parameters) in c:\\Projects\\webdriver\\dotnet\\src\\webdriver\\Remote\\RemoteWebDriver.cs:line 862\n   at OpenQA.Selenium.Remote.RemoteWebDriver.FindElement(String mechanism, String value) in c:\\Projects\\webdriver\\dotnet\\src\\webdriver\\Remote\\RemoteWebDriver.cs:line 893\n   at OpenQA.Selenium.Remote.RemoteWebDriver.FindElementByCssSelector(String cssSelector) in c:\\Projects\\webdriver\\dotnet\\src\\webdriver\\Remote\\RemoteWebDriver.cs:line 692\n   at BVTTestProject.Pages.BackOfficePage.GetSubMenu(Int32 id) in d:\\buuteeqGit\\qa\\BVTTest\\Pages\\BackOfficePage.cs:line 718\n   at BVTTestProject.Pages.BackOfficePage.GoToSubMenu(Int32 id) in d:\\buuteeqGit\\qa\\BVTTest\\Pages\\BackOfficePage.cs:line 735\n   at LookEngineBVT.BlueprintTest.ComparingMiniMenuTest() in d:\\buuteeqGit\\qa\\LookEngineBVT\\BlueprintTest.cs:line 986\n",
          "failedSince" : 196,
          "name" : "ComparingMiniMenuTest",
          "skipped" : false,
          "skippedMessage" : null,
          "status" : "FAILED",
          "stderr" : null,
          "stdout" : null
        },
        {
          "age" : 2,
          "className" : "LookEngineBVT.BlueprintTest",
          "duration" : 114.68495,
          "errorDetails" : null,
          "errorStackTrace" : "\nMESSAGE:\nTest method LookEngineBVT.BlueprintTest.ComparingPanoramaMenuTest threw exception: \nOpenQA.Selenium.NoSuchElementException: Unable to locate element: {\"method\":\"css selector\",\"selector\":\".optl_notselected a\"}\nCommand duration or timeout: 3.04 seconds\nFor documentation on this error, please visit: http://seleniumhq.org/exceptions/no_such_element.html\nBuild info: version: '2.41.0', revision: '3192d8a', time: '2014-03-27 17:17:32'\nSystem info: host: 'WIN-13R0IA3PN04', ip: '10.231.168.218', os.name: 'Windows Server 2012', os.arch: 'amd64', os.version: '6.2', java.version: '1.7.0_55'\nSession ID: 1689dc38-01c2-4f3d-aa22-69120be238a5\nDriver info: org.openqa.selenium.firefox.FirefoxDriver\nCapabilities [{platform=XP, acceptSslCerts=true, javascriptEnabled=true, cssSelectorsEnabled=true, databaseEnabled=true, browserName=firefox, handlesAlerts=true, browserConnectionEnabled=true, webStorageEnabled=true, nativeEvents=false, rotatable=false, locationContextEnabled=true, applicationCacheEnabled=true, takesScreenshot=true, version=29.0.1}]\n+++++++++++++++++++\nSTACK TRACE:\n    at OpenQA.Selenium.Remote.RemoteWebDriver.UnpackAndThrowOnError(Response errorResponse) in c:\\Projects\\webdriver\\dotnet\\src\\webdriver\\Remote\\RemoteWebDriver.cs:line 1048\n   at OpenQA.Selenium.Remote.RemoteWebDriver.Execute(String driverCommandToExecute, Dictionary`2 parameters) in c:\\Projects\\webdriver\\dotnet\\src\\webdriver\\Remote\\RemoteWebDriver.cs:line 862\n   at OpenQA.Selenium.Remote.RemoteWebDriver.FindElement(String mechanism, String value) in c:\\Projects\\webdriver\\dotnet\\src\\webdriver\\Remote\\RemoteWebDriver.cs:line 893\n   at OpenQA.Selenium.Remote.RemoteWebDriver.FindElementByCssSelector(String cssSelector) in c:\\Projects\\webdriver\\dotnet\\src\\webdriver\\Remote\\RemoteWebDriver.cs:line 692\n   at LookEngineBVT.BlueprintTest.ComparingPanoramaMenuTest() in d:\\buuteeqGit\\qa\\LookEngineBVT\\BlueprintTest.cs:line 915\n",
          "failedSince" : 197,
          "name" : "ComparingPanoramaMenuTest",
          "skipped" : false,
          "skippedMessage" : null,
          "status" : "FAILED",
          "stderr" : null,
          "stdout" : null
        },
        {
          "age" : 0,
          "className" : "LookEngineBVT.BlueprintTest",
          "duration" : 159.22595,
          "errorDetails" : null,
          "errorStackTrace" : null,
          "failedSince" : 0,
          "name" : "ComparingTouchTileMenuTest",
          "skipped" : false,
          "skippedMessage" : null,
          "status" : "PASSED",
          "stderr" : null,
          "stdout" : null
        },
        {
          "age" : 0,
          "className" : "LookEngineBVT.BlueprintTest",
          "duration" : 155.3423,
          "errorDetails" : null,
          "errorStackTrace" : null,
          "failedSince" : 0,
          "name" : "ComparingTuxedoMenuTest",
          "skipped" : false,
          "skippedMessage" : null,
          "status" : "FIXED",
          "stderr" : null,
          "stdout" : null
        },
        {
          "age" : 0,
          "className" : "LookEngineBVT.BlueprintTest",
          "duration" : 111.79549,
          "errorDetails" : null,
          "errorStackTrace" : null,
          "failedSince" : 0,
          "name" : "ImageLogoTest",
          "skipped" : false,
          "skippedMessage" : null,
          "status" : "PASSED",
          "stderr" : null,
          "stdout" : null
        },
        {
          "age" : 2,
          "className" : "LookEngineBVT.BlueprintTest",
          "duration" : 40.370083,
          "errorDetails" : null,
          "errorStackTrace" : "\nMESSAGE:\nTest method LookEngineBVT.BlueprintTest.LocalizedEmailFormTest threw exception: \nOpenQA.Selenium.WebDriverTimeoutException: Timed out after 15 seconds\n+++++++++++++++++++\nSTACK TRACE:\n    at OpenQA.Selenium.Support.UI.DefaultWait`1.ThrowTimeoutException(String exceptionMessage, Exception lastException) in c:\\Projects\\webdriver\\dotnet\\src\\support\\UI\\DefaultWait.cs:line 215\n   at OpenQA.Selenium.Support.UI.DefaultWait`1.Until[TResult](Func`2 condition) in c:\\Projects\\webdriver\\dotnet\\src\\support\\UI\\DefaultWait.cs:line 199\n   at LookEngineBVT.BlueprintTest.LocalizedEmailFormTest() in d:\\buuteeqGit\\qa\\LookEngineBVT\\BlueprintTest.cs:line 1180\n",
          "failedSince" : 197,
          "name" : "LocalizedEmailFormTest",
          "skipped" : false,
          "skippedMessage" : null,
          "status" : "FAILED",
          "stderr" : null,
          "stdout" : null
        },
        {
          "age" : 0,
          "className" : "LookEngineBVT.BlueprintTest",
          "duration" : 73.55313,
          "errorDetails" : null,
          "errorStackTrace" : null,
          "failedSince" : 0,
          "name" : "MiniArticleTest",
          "skipped" : false,
          "skippedMessage" : null,
          "status" : "PASSED",
          "stderr" : null,
          "stdout" : null
        },
        {
          "age" : 0,
          "className" : "LookEngineBVT.BlueprintTest",
          "duration" : 120.5385,
          "errorDetails" : null,
          "errorStackTrace" : null,
          "failedSince" : 0,
          "name" : "MiniPromotionTest",
          "skipped" : false,
          "skippedMessage" : null,
          "status" : "PASSED",
          "stderr" : null,
          "stdout" : null
        },
        {
          "age" : 0,
          "className" : "LookEngineBVT.BlueprintTest",
          "duration" : 108.34389,
          "errorDetails" : null,
          "errorStackTrace" : null,
          "failedSince" : 0,
          "name" : "MiniPublishTest",
          "skipped" : false,
          "skippedMessage" : null,
          "status" : "PASSED",
          "stderr" : null,
          "stdout" : null
        },
        {
          "age" : 0,
          "className" : "LookEngineBVT.BlueprintTest",
          "duration" : 182.33649,
          "errorDetails" : null,
          "errorStackTrace" : null,
          "failedSince" : 0,
          "name" : "MiniSweetNavBasicElementTest",
          "skipped" : false,
          "skippedMessage" : null,
          "status" : "PASSED",
          "stderr" : null,
          "stdout" : null
        },
        {
          "age" : 0,
          "className" : "LookEngineBVT.BlueprintTest",
          "duration" : 103.96584,
          "errorDetails" : null,
          "errorStackTrace" : null,
          "failedSince" : 0,
          "name" : "MissingLocalizedPageRedirectTest",
          "skipped" : false,
          "skippedMessage" : null,
          "status" : "PASSED",
          "stderr" : null,
          "stdout" : null
        },
        {
          "age" : 0,
          "className" : "LookEngineBVT.BlueprintTest",
          "duration" : 128.12636,
          "errorDetails" : null,
          "errorStackTrace" : null,
          "failedSince" : 0,
          "name" : "MissingMicrositePageRedirectTest",
          "skipped" : false,
          "skippedMessage" : null,
          "status" : "PASSED",
          "stderr" : null,
          "stdout" : null
        },
        {
          "age" : 0,
          "className" : "LookEngineBVT.BlueprintTest",
          "duration" : 55.73582,
          "errorDetails" : null,
          "errorStackTrace" : null,
          "failedSince" : 0,
          "name" : "MissingPageRedirectTest",
          "skipped" : false,
          "skippedMessage" : null,
          "status" : "PASSED",
          "stderr" : null,
          "stdout" : null
        },
        {
          "age" : 3,
          "className" : "LookEngineBVT.BlueprintTest",
          "duration" : 128.52982,
          "errorDetails" : null,
          "errorStackTrace" : "\nMESSAGE:\nTest method LookEngineBVT.BlueprintTest.MobileGoalTrackingTest threw exception: \nSystem.InvalidOperationException: $ is not defined\nBuild info: version: '2.41.0', revision: '3192d8a', time: '2014-03-27 17:17:32'\nSystem info: host: 'WIN-13R0IA3PN04', ip: '10.234.10.94', os.name: 'Windows Server 2012', os.arch: 'amd64', os.version: '6.2', java.version: '1.7.0_55'\nDriver info: driver.version: unknown\n+++++++++++++++++++\nSTACK TRACE:\n    at OpenQA.Selenium.Remote.RemoteWebDriver.UnpackAndThrowOnError(Response errorResponse) in c:\\Projects\\webdriver\\dotnet\\src\\webdriver\\Remote\\RemoteWebDriver.cs:line 1067\n   at OpenQA.Selenium.Remote.RemoteWebDriver.Execute(String driverCommandToExecute, Dictionary`2 parameters) in c:\\Projects\\webdriver\\dotnet\\src\\webdriver\\Remote\\RemoteWebDriver.cs:line 862\n   at OpenQA.Selenium.Remote.RemoteWebDriver.ExecuteScriptCommand(String script, String commandName, Object[] args) in c:\\Projects\\webdriver\\dotnet\\src\\webdriver\\Remote\\RemoteWebDriver.cs:line 953\n   at OpenQA.Selenium.Remote.RemoteWebDriver.ExecuteScript(String script, Object[] args) in c:\\Projects\\webdriver\\dotnet\\src\\webdriver\\Remote\\RemoteWebDriver.cs:line 426\n   at LookEngineBVT.BlueprintTest.MobileGoalTrackingTest() in d:\\buuteeqGit\\qa\\LookEngineBVT\\BlueprintTest.cs:line 1586\n",
          "failedSince" : 196,
          "name" : "MobileGoalTrackingTest",
          "skipped" : false,
          "skippedMessage" : null,
          "status" : "FAILED",
          "stderr" : null,
          "stdout" : null
        },
        {
          "age" : 0,
          "className" : "LookEngineBVT.BlueprintTest",
          "duration" : 346.83557,
          "errorDetails" : null,
          "errorStackTrace" : null,
          "failedSince" : 0,
          "name" : "MobileLandingPage",
          "skipped" : false,
          "skippedMessage" : null,
          "status" : "PASSED",
          "stderr" : null,
          "stdout" : null
        },
        {
          "age" : 0,
          "className" : "LookEngineBVT.BlueprintTest",
          "duration" : 79.22829,
          "errorDetails" : null,
          "errorStackTrace" : null,
          "failedSince" : 0,
          "name" : "MobileLRoomLinkTest",
          "skipped" : false,
          "skippedMessage" : null,
          "status" : "FIXED",
          "stderr" : null,
          "stdout" : null
        },
        {
          "age" : 0,
          "className" : "LookEngineBVT.BlueprintTest",
          "duration" : 79.95458,
          "errorDetails" : null,
          "errorStackTrace" : null,
          "failedSince" : 0,
          "name" : "MobileOnlyTest",
          "skipped" : false,
          "skippedMessage" : null,
          "status" : "PASSED",
          "stderr" : null,
          "stdout" : null
        },
        {
          "age" : 0,
          "className" : "LookEngineBVT.BlueprintTest",
          "duration" : 41.44166,
          "errorDetails" : null,
          "errorStackTrace" : null,
          "failedSince" : 0,
          "name" : "NonExistLanguageTest",
          "skipped" : false,
          "skippedMessage" : null,
          "status" : "PASSED",
          "stderr" : null,
          "stdout" : null
        },
        {
          "age" : 0,
          "className" : "LookEngineBVT.BlueprintTest",
          "duration" : 72.27681,
          "errorDetails" : null,
          "errorStackTrace" : null,
          "failedSince" : 0,
          "name" : "NonExistMobileLanguageTest",
          "skipped" : false,
          "skippedMessage" : null,
          "status" : "PASSED",
          "stderr" : null,
          "stdout" : null
        },
        {
          "age" : 0,
          "className" : "LookEngineBVT.BlueprintTest",
          "duration" : 160.59271,
          "errorDetails" : null,
          "errorStackTrace" : null,
          "failedSince" : 0,
          "name" : "PanoramaChangingLanguageTest",
          "skipped" : false,
          "skippedMessage" : null,
          "status" : "PASSED",
          "stderr" : null,
          "stdout" : null
        },
        {
          "age" : 0,
          "className" : "LookEngineBVT.BlueprintTest",
          "duration" : 106.954636,
          "errorDetails" : null,
          "errorStackTrace" : null,
          "failedSince" : 0,
          "name" : "PanoramaPublishTest",
          "skipped" : false,
          "skippedMessage" : null,
          "status" : "PASSED",
          "stderr" : null,
          "stdout" : null
        },
        {
          "age" : 0,
          "className" : "LookEngineBVT.BlueprintTest",
          "duration" : 62.92908,
          "errorDetails" : null,
          "errorStackTrace" : null,
          "failedSince" : 0,
          "name" : "PanoramaSweetNavBasicElementTest",
          "skipped" : false,
          "skippedMessage" : null,
          "status" : "FIXED",
          "stderr" : null,
          "stdout" : null
        },
        {
          "age" : 0,
          "className" : "LookEngineBVT.BlueprintTest",
          "duration" : 45.474586,
          "errorDetails" : null,
          "errorStackTrace" : null,
          "failedSince" : 0,
          "name" : "PdfTest",
          "skipped" : false,
          "skippedMessage" : null,
          "status" : "PASSED",
          "stderr" : null,
          "stdout" : null
        },
        {
          "age" : 0,
          "className" : "LookEngineBVT.BlueprintTest",
          "duration" : 94.39282,
          "errorDetails" : null,
          "errorStackTrace" : null,
          "failedSince" : 0,
          "name" : "QuickBookWidgetOnBoulevardTest",
          "skipped" : false,
          "skippedMessage" : null,
          "status" : "PASSED",
          "stderr" : null,
          "stdout" : null
        },
        {
          "age" : 0,
          "className" : "LookEngineBVT.BlueprintTest",
          "duration" : 86.22688,
          "errorDetails" : null,
          "errorStackTrace" : null,
          "failedSince" : 0,
          "name" : "QuickBookWidgetOnPanoramaTest",
          "skipped" : false,
          "skippedMessage" : null,
          "status" : "PASSED",
          "stderr" : null,
          "stdout" : null
        },
        {
          "age" : 0,
          "className" : "LookEngineBVT.BlueprintTest",
          "duration" : 98.50156,
          "errorDetails" : null,
          "errorStackTrace" : null,
          "failedSince" : 0,
          "name" : "QuickBookWidgetOnTuxedoTest",
          "skipped" : false,
          "skippedMessage" : null,
          "status" : "PASSED",
          "stderr" : null,
          "stdout" : null
        },
        {
          "age" : 0,
          "className" : "LookEngineBVT.BlueprintTest",
          "duration" : 60.075203,
          "errorDetails" : null,
          "errorStackTrace" : null,
          "failedSince" : 0,
          "name" : "Redirect_Add_and_Save",
          "skipped" : false,
          "skippedMessage" : null,
          "status" : "PASSED",
          "stderr" : null,
          "stdout" : null
        },
        {
          "age" : 1,
          "className" : "LookEngineBVT.BlueprintTest",
          "duration" : 34.880096,
          "errorDetails" : null,
          "errorStackTrace" : "\nMESSAGE:\nTest method LookEngineBVT.BlueprintTest.Redirect_AllowRecordsThatAreIdenticalExceptForOldDomains threw exception: \nOpenQA.Selenium.ElementNotVisibleException: Element is not currently visible and so may not be interacted with\nCommand duration or timeout: 5.03 seconds\nBuild info: version: '2.41.0', revision: '3192d8a', time: '2014-03-27 17:17:32'\nSystem info: host: 'WIN-13R0IA3PN04', ip: '10.234.3.76', os.name: 'Windows Server 2012', os.arch: 'amd64', os.version: '6.2', java.version: '1.7.0_55'\nSession ID: 0837c4db-07d1-4f15-81e9-8e875ba1b45c\nDriver info: org.openqa.selenium.firefox.FirefoxDriver\nCapabilities [{platform=XP, acceptSslCerts=true, javascriptEnabled=true, cssSelectorsEnabled=true, databaseEnabled=true, browserName=firefox, handlesAlerts=true, browserConnectionEnabled=true, webStorageEnabled=true, nativeEvents=false, rotatable=false, locationContextEnabled=true, applicationCacheEnabled=true, takesScreenshot=true, version=29.0}]\n+++++++++++++++++++\nSTACK TRACE:\n    at OpenQA.Selenium.Remote.RemoteWebDriver.UnpackAndThrowOnError(Response errorResponse) in c:\\Projects\\webdriver\\dotnet\\src\\webdriver\\Remote\\RemoteWebDriver.cs:line 1060\n   at OpenQA.Selenium.Remote.RemoteWebDriver.Execute(String driverCommandToExecute, Dictionary`2 parameters) in c:\\Projects\\webdriver\\dotnet\\src\\webdriver\\Remote\\RemoteWebDriver.cs:line 862\n   at OpenQA.Selenium.Remote.RemoteWebElement.Click() in c:\\Projects\\webdriver\\dotnet\\src\\webdriver\\Remote\\RemoteWebElement.cs:line 336\n   at LookEngineBVT.BlueprintTest.Redirect_AllowRecordsThatAreIdenticalExceptForOldDomains() in d:\\buuteeqGit\\qa\\LookEngineBVT\\BlueprintTest.cs:line 2092\n",
          "failedSince" : 198,
          "name" : "Redirect_AllowRecordsThatAreIdenticalExceptForOldDomains",
          "skipped" : false,
          "skippedMessage" : null,
          "status" : "REGRESSION",
          "stderr" : null,
          "stdout" : null
        },
        {
          "age" : 0,
          "className" : "LookEngineBVT.BlueprintTest",
          "duration" : 26.182076,
          "errorDetails" : null,
          "errorStackTrace" : null,
          "failedSince" : 0,
          "name" : "Redirect_AvailableDomainsShouldbeInOptionalDomains",
          "skipped" : false,
          "skippedMessage" : null,
          "status" : "PASSED",
          "stderr" : null,
          "stdout" : null
        },
        {
          "age" : 3,
          "className" : "LookEngineBVT.BlueprintTest",
          "duration" : 38.01217,
          "errorDetails" : null,
          "errorStackTrace" : "\nMESSAGE:\nTest method LookEngineBVT.BlueprintTest.Redirect_CentralizedToDistributed threw exception: \nOpenQA.Selenium.ElementNotVisibleException: Element is not currently visible and so may not be interacted with\nCommand duration or timeout: 5.02 seconds\nBuild info: version: '2.41.0', revision: '3192d8a', time: '2014-03-27 17:17:32'\nSystem info: host: 'WIN-13R0IA3PN04', ip: '10.234.3.76', os.name: 'Windows Server 2012', os.arch: 'amd64', os.version: '6.2', java.version: '1.7.0_55'\nSession ID: 4934fa1d-f983-4444-9b9c-da0fe4d3778d\nDriver info: org.openqa.selenium.firefox.FirefoxDriver\nCapabilities [{platform=XP, acceptSslCerts=true, javascriptEnabled=true, cssSelectorsEnabled=true, databaseEnabled=true, browserName=firefox, handlesAlerts=true, browserConnectionEnabled=true, webStorageEnabled=true, nativeEvents=false, rotatable=false, locationContextEnabled=true, applicationCacheEnabled=true, takesScreenshot=true, version=29.0}]\n+++++++++++++++++++\nSTACK TRACE:\n    at OpenQA.Selenium.Remote.RemoteWebDriver.UnpackAndThrowOnError(Response errorResponse) in c:\\Projects\\webdriver\\dotnet\\src\\webdriver\\Remote\\RemoteWebDriver.cs:line 1060\n   at OpenQA.Selenium.Remote.RemoteWebDriver.Execute(String driverCommandToExecute, Dictionary`2 parameters) in c:\\Projects\\webdriver\\dotnet\\src\\webdriver\\Remote\\RemoteWebDriver.cs:line 862\n   at OpenQA.Selenium.Remote.RemoteWebElement.Click() in c:\\Projects\\webdriver\\dotnet\\src\\webdriver\\Remote\\RemoteWebElement.cs:line 336\n   at LookEngineBVT.BlueprintTest.Redirect_CentralizedToDistributed() in d:\\buuteeqGit\\qa\\LookEngineBVT\\BlueprintTest.cs:line 2127\n",
          "failedSince" : 196,
          "name" : "Redirect_CentralizedToDistributed",
          "skipped" : false,
          "skippedMessage" : null,
          "status" : "FAILED",
          "stderr" : null,
          "stdout" : null
        },
        {
          "age" : 0,
          "className" : "LookEngineBVT.BlueprintTest",
          "duration" : 45.04268,
          "errorDetails" : null,
          "errorStackTrace" : null,
          "failedSince" : 0,
          "name" : "Redirect_CheckDuplicatedNotHappenInSource",
          "skipped" : false,
          "skippedMessage" : null,
          "status" : "PASSED",
          "stderr" : null,
          "stdout" : null
        },
        {
          "age" : 0,
          "className" : "LookEngineBVT.BlueprintTest",
          "duration" : 38.04455,
          "errorDetails" : null,
          "errorStackTrace" : null,
          "failedSince" : 0,
          "name" : "Redirect_DeleteAll",
          "skipped" : false,
          "skippedMessage" : null,
          "status" : "PASSED",
          "stderr" : null,
          "stdout" : null
        },
        {
          "age" : 0,
          "className" : "LookEngineBVT.BlueprintTest",
          "duration" : 57.217274,
          "errorDetails" : null,
          "errorStackTrace" : null,
          "failedSince" : 0,
          "name" : "Redirect_DeleteOne",
          "skipped" : false,
          "skippedMessage" : null,
          "status" : "PASSED",
          "stderr" : null,
          "stdout" : null
        },
        {
          "age" : 0,
          "className" : "LookEngineBVT.BlueprintTest",
          "duration" : 0.1376214,
          "errorDetails" : null,
          "errorStackTrace" : null,
          "failedSince" : 0,
          "name" : "Redirect_DistributedToCentralized",
          "skipped" : false,
          "skippedMessage" : null,
          "status" : "PASSED",
          "stderr" : null,
          "stdout" : null
        },
        {
          "age" : 0,
          "className" : "LookEngineBVT.BlueprintTest",
          "duration" : 73.234375,
          "errorDetails" : null,
          "errorStackTrace" : null,
          "failedSince" : 0,
          "name" : "Redirect_Import",
          "skipped" : false,
          "skippedMessage" : null,
          "status" : "FIXED",
          "stderr" : null,
          "stdout" : null
        },
        {
          "age" : 0,
          "className" : "LookEngineBVT.BlueprintTest",
          "duration" : 50.311485,
          "errorDetails" : null,
          "errorStackTrace" : null,
          "failedSince" : 0,
          "name" : "Redirect_ImportToolTest",
          "skipped" : false,
          "skippedMessage" : null,
          "status" : "PASSED",
          "stderr" : null,
          "stdout" : null
        },
        {
          "age" : 0,
          "className" : "LookEngineBVT.BlueprintTest",
          "duration" : 61.246826,
          "errorDetails" : null,
          "errorStackTrace" : null,
          "failedSince" : 0,
          "name" : "Redirect_InvalidUrl",
          "skipped" : false,
          "skippedMessage" : null,
          "status" : "PASSED",
          "stderr" : null,
          "stdout" : null
        },
        {
          "age" : 21,
          "className" : "LookEngineBVT.BlueprintTest",
          "duration" : 48.85408,
          "errorDetails" : null,
          "errorStackTrace" : "\nMESSAGE:\nAssert.IsTrue failed. \n+++++++++++++++++++\nSTACK TRACE:\n   at LookEngineBVT.BlueprintTest.Redirect_UploadCSV() in d:\\buuteeqGit\\qa\\LookEngineBVT\\BlueprintTest.cs:line 2501\n",
          "failedSince" : 178,
          "name" : "Redirect_UploadCSV",
          "skipped" : false,
          "skippedMessage" : null,
          "status" : "FAILED",
          "stderr" : null,
          "stdout" : null
        },
        {
          "age" : 6,
          "className" : "LookEngineBVT.BlueprintTest",
          "duration" : 101.62175,
          "errorDetails" : null,
          "errorStackTrace" : "\nMESSAGE:\nTest method LookEngineBVT.BlueprintTest.RedirectedURLMatchesExpectedRedirectUrl threw exception: \nSystem.Net.WebException: The remote server returned an error: (404) Not Found.\n+++++++++++++++++++\nSTACK TRACE:\n    at System.Net.HttpWebRequest.GetResponse()\n   at BVTTestProject.Page.GetResponseFromUrl(String url, String host, Boolean allowRedirect) in d:\\buuteeqGit\\qa\\BVTTest\\PageModels\\Page.cs:line 430\n   at LookEngineBVT.BlueprintTest.RedirectedURLMatchesExpectedRedirectUrl() in d:\\buuteeqGit\\qa\\LookEngineBVT\\BlueprintTest.cs:line 2619\n",
          "failedSince" : 193,
          "name" : "RedirectedURLMatchesExpectedRedirectUrl",
          "skipped" : false,
          "skippedMessage" : null,
          "status" : "FAILED",
          "stderr" : null,
          "stdout" : null
        },
        {
          "age" : 0,
          "className" : "LookEngineBVT.BlueprintTest",
          "duration" : 68.50741,
          "errorDetails" : null,
          "errorStackTrace" : null,
          "failedSince" : 0,
          "name" : "Reservation301Test",
          "skipped" : false,
          "skippedMessage" : null,
          "status" : "PASSED",
          "stderr" : null,
          "stdout" : null
        },
        {
          "age" : 0,
          "className" : "LookEngineBVT.BlueprintTest",
          "duration" : 67.68545,
          "errorDetails" : null,
          "errorStackTrace" : null,
          "failedSince" : 0,
          "name" : "SpicyCDNImageTestForPaid",
          "skipped" : false,
          "skippedMessage" : null,
          "status" : "PASSED",
          "stderr" : null,
          "stdout" : null
        },
        {
          "age" : 0,
          "className" : "LookEngineBVT.BlueprintTest",
          "duration" : 21.908056,
          "errorDetails" : null,
          "errorStackTrace" : null,
          "failedSince" : 0,
          "name" : "SpicyCDNImageTestForStarter",
          "skipped" : false,
          "skippedMessage" : null,
          "status" : "PASSED",
          "stderr" : null,
          "stdout" : null
        },
        {
          "age" : 18,
          "className" : "LookEngineBVT.BlueprintTest",
          "duration" : 44.577534,
          "errorDetails" : null,
          "errorStackTrace" : "\nMESSAGE:\nAssert.AreEqual failed. Expected:<100>. Actual:<1021>. \n+++++++++++++++++++\nSTACK TRACE:\n   at LookEngineBVT.BlueprintTest.Sweet_767() in d:\\buuteeqGit\\qa\\LookEngineBVT\\BlueprintTest.cs:line 2759\n",
          "failedSince" : 181,
          "name" : "Sweet_767",
          "skipped" : false,
          "skippedMessage" : null,
          "status" : "FAILED",
          "stderr" : null,
          "stdout" : null
        },
        {
          "age" : 0,
          "className" : "LookEngineBVT.BlueprintTest",
          "duration" : 37.676476,
          "errorDetails" : null,
          "errorStackTrace" : null,
          "failedSince" : 0,
          "name" : "Sweet_876",
          "skipped" : false,
          "skippedMessage" : null,
          "status" : "PASSED",
          "stderr" : null,
          "stdout" : null
        },
        {
          "age" : 3,
          "className" : "LookEngineBVT.BlueprintTest",
          "duration" : 46.944176,
          "errorDetails" : null,
          "errorStackTrace" : "\nMESSAGE:\nTest method LookEngineBVT.BlueprintTest.Sweet_941 threw exception: \nOpenQA.Selenium.ElementNotVisibleException: Element is not currently visible and so may not be interacted with\nCommand duration or timeout: 5.07 seconds\nBuild info: version: '2.41.0', revision: '3192d8a', time: '2014-03-27 17:17:32'\nSystem info: host: 'WIN-13R0IA3PN04', ip: '10.231.168.218', os.name: 'Windows Server 2012', os.arch: 'amd64', os.version: '6.2', java.version: '1.7.0_55'\nSession ID: 2909d46f-147e-493a-be02-a652f080a767\nDriver info: org.openqa.selenium.firefox.FirefoxDriver\nCapabilities [{platform=XP, acceptSslCerts=true, javascriptEnabled=true, cssSelectorsEnabled=true, databaseEnabled=true, browserName=firefox, handlesAlerts=true, browserConnectionEnabled=true, webStorageEnabled=true, nativeEvents=false, rotatable=false, locationContextEnabled=true, applicationCacheEnabled=true, takesScreenshot=true, version=29.0.1}]\n+++++++++++++++++++\nSTACK TRACE:\n    at OpenQA.Selenium.Remote.RemoteWebDriver.UnpackAndThrowOnError(Response errorResponse) in c:\\Projects\\webdriver\\dotnet\\src\\webdriver\\Remote\\RemoteWebDriver.cs:line 1060\n   at OpenQA.Selenium.Remote.RemoteWebDriver.Execute(String driverCommandToExecute, Dictionary`2 parameters) in c:\\Projects\\webdriver\\dotnet\\src\\webdriver\\Remote\\RemoteWebDriver.cs:line 862\n   at OpenQA.Selenium.Remote.RemoteWebElement.Click() in c:\\Projects\\webdriver\\dotnet\\src\\webdriver\\Remote\\RemoteWebElement.cs:line 336\n   at LookEngineBVT.BlueprintTest.Sweet_941() in d:\\buuteeqGit\\qa\\LookEngineBVT\\BlueprintTest.cs:line 2823\n",
          "failedSince" : 196,
          "name" : "Sweet_941",
          "skipped" : false,
          "skippedMessage" : null,
          "status" : "FAILED",
          "stderr" : null,
          "stdout" : null
        },
        {
          "age" : 1,
          "className" : "LookEngineBVT.BlueprintTest",
          "duration" : 75.9312,
          "errorDetails" : null,
          "errorStackTrace" : "\nMESSAGE:\nTest method LookEngineBVT.BlueprintTest.Sweet_944 threw exception: \nOpenQA.Selenium.WebDriverTimeoutException: Timed out after 3 seconds ---> OpenQA.Selenium.NoSuchElementException: Unable to locate element: {\"method\":\"xpath\",\"selector\":\"//select[@id='ArticleSelect']/optgroup[@label='3c8fc101536e']/option\"}\nCommand duration or timeout: 3.03 seconds\nFor documentation on this error, please visit: http://seleniumhq.org/exceptions/no_such_element.html\nBuild info: version: '2.41.0', revision: '3192d8a', time: '2014-03-27 17:17:32'\nSystem info: host: 'WIN-13R0IA3PN04', ip: '10.234.10.94', os.name: 'Windows Server 2012', os.arch: 'amd64', os.version: '6.2', java.version: '1.7.0_55'\nSession ID: b9f76880-0f7d-4d66-94a7-333600c2779c\nDriver info: org.openqa.selenium.firefox.FirefoxDriver\nCapabilities [{platform=XP, acceptSslCerts=true, javascriptEnabled=true, cssSelectorsEnabled=true, databaseEnabled=true, browserName=firefox, handlesAlerts=true, browserConnectionEnabled=true, webStorageEnabled=true, nativeEvents=false, rotatable=false, locationContextEnabled=true, applicationCacheEnabled=true, takesScreenshot=true, version=29.0}]\n+++++++++++++++++++\nSTACK TRACE:\n    at OpenQA.Selenium.Remote.RemoteWebDriver.UnpackAndThrowOnError(Response errorResponse) in c:\\Projects\\webdriver\\dotnet\\src\\webdriver\\Remote\\RemoteWebDriver.cs:line 1048\n   at OpenQA.Selenium.Remote.RemoteWebDriver.Execute(String driverCommandToExecute, Dictionary`2 parameters) in c:\\Projects\\webdriver\\dotnet\\src\\webdriver\\Remote\\RemoteWebDriver.cs:line 862\n   at OpenQA.Selenium.Remote.RemoteWebDriver.FindElement(String mechanism, String value) in c:\\Projects\\webdriver\\dotnet\\src\\webdriver\\Remote\\RemoteWebDriver.cs:line 893\n   at OpenQA.Selenium.Remote.RemoteWebDriver.FindElementByXPath(String xpath) in c:\\Projects\\webdriver\\dotnet\\src\\webdriver\\Remote\\RemoteWebDriver.cs:line 664\n   at BVTTestProject.ScreenShotRemoteWebDriver.<>c__DisplayClass1.<FindElementByXPath>b__0(IWebDriver drv) in d:\\buuteeqGit\\qa\\BVTTest\\Utilities\\ScreenshotRemoteWebDriver.cs:line 70\n   at OpenQA.Selenium.Support.UI.DefaultWait`1.Until[TResult](Func`2 condition) in c:\\Projects\\webdriver\\dotnet\\src\\support\\UI\\DefaultWait.cs:line 162\n --- End of inner exception stack trace ---\n    at OpenQA.Selenium.Support.UI.DefaultWait`1.ThrowTimeoutException(String exceptionMessage, Exception lastException) in c:\\Projects\\webdriver\\dotnet\\src\\support\\UI\\DefaultWait.cs:line 215\n   at OpenQA.Selenium.Support.UI.DefaultWait`1.Until[TResult](Func`2 condition) in c:\\Projects\\webdriver\\dotnet\\src\\support\\UI\\DefaultWait.cs:line 199\n   at BVTTestProject.ScreenShotRemoteWebDriver.FindElementByXPath(String xpath, Int32 timespan) in d:\\buuteeqGit\\qa\\BVTTest\\Utilities\\ScreenshotRemoteWebDriver.cs:line 70\n   at LookEngineBVT.BlueprintTest.Sweet_944() in d:\\buuteeqGit\\qa\\LookEngineBVT\\BlueprintTest.cs:line 2791\n",
          "failedSince" : 198,
          "name" : "Sweet_944",
          "skipped" : false,
          "skippedMessage" : null,
          "status" : "REGRESSION",
          "stderr" : null,
          "stdout" : null
        },
        {
          "age" : 0,
          "className" : "LookEngineBVT.BlueprintTest",
          "duration" : 39.56383,
          "errorDetails" : null,
          "errorStackTrace" : null,
          "failedSince" : 0,
          "name" : "Sweet_969",
          "skipped" : false,
          "skippedMessage" : null,
          "status" : "PASSED",
          "stderr" : null,
          "stdout" : null
        },
        {
          "age" : 0,
          "className" : "LookEngineBVT.BlueprintTest",
          "duration" : 131.3601,
          "errorDetails" : null,
          "errorStackTrace" : null,
          "failedSince" : 0,
          "name" : "Sweet797",
          "skipped" : false,
          "skippedMessage" : null,
          "status" : "PASSED",
          "stderr" : null,
          "stdout" : null
        },
        {
          "age" : 0,
          "className" : "LookEngineBVT.BlueprintTest",
          "duration" : 49.170025,
          "errorDetails" : null,
          "errorStackTrace" : null,
          "failedSince" : 0,
          "name" : "Test_h1h2_alignment_Tuxedo",
          "skipped" : false,
          "skippedMessage" : null,
          "status" : "PASSED",
          "stderr" : null,
          "stdout" : null
        },
        {
          "age" : 0,
          "className" : "LookEngineBVT.BlueprintTest",
          "duration" : 98.576805,
          "errorDetails" : null,
          "errorStackTrace" : null,
          "failedSince" : 0,
          "name" : "TestCase407",
          "skipped" : false,
          "skippedMessage" : null,
          "status" : "PASSED",
          "stderr" : null,
          "stdout" : null
        },
        {
          "age" : 0,
          "className" : "LookEngineBVT.BlueprintTest",
          "duration" : 50.21782,
          "errorDetails" : null,
          "errorStackTrace" : null,
          "failedSince" : 0,
          "name" : "TestCase425",
          "skipped" : false,
          "skippedMessage" : null,
          "status" : "FIXED",
          "stderr" : null,
          "stdout" : null
        },
        {
          "age" : 3,
          "className" : "LookEngineBVT.BlueprintTest",
          "duration" : 23.099623,
          "errorDetails" : null,
          "errorStackTrace" : "\nMESSAGE:\nAssert.AreEqual failed. Expected:<http://lubj.dev2preview.buuteeq.com/rooms.htm>. Actual:<http://lubj.dev2preview.buuteeq.com/>. \n+++++++++++++++++++\nSTACK TRACE:\n   at BVTTestProject.Pages.TouchTilePage.ClickRoomsOnNav(String term) in d:\\buuteeqGit\\qa\\BVTTest\\Pages\\TouchTilePage.cs:line 80\n   at LookEngineBVT.BlueprintTest.TestCase426() in d:\\buuteeqGit\\qa\\LookEngineBVT\\BlueprintTest.cs:line 360\n",
          "failedSince" : 196,
          "name" : "TestCase426",
          "skipped" : false,
          "skippedMessage" : null,
          "status" : "FAILED",
          "stderr" : null,
          "stdout" : null
        },
        {
          "age" : 0,
          "className" : "LookEngineBVT.BlueprintTest",
          "duration" : 129.59872,
          "errorDetails" : null,
          "errorStackTrace" : null,
          "failedSince" : 0,
          "name" : "TestCase427",
          "skipped" : false,
          "skippedMessage" : null,
          "status" : "PASSED",
          "stderr" : null,
          "stdout" : null
        },
        {
          "age" : 0,
          "className" : "LookEngineBVT.BlueprintTest",
          "duration" : 186.38164,
          "errorDetails" : null,
          "errorStackTrace" : null,
          "failedSince" : 0,
          "name" : "TestCase523",
          "skipped" : false,
          "skippedMessage" : null,
          "status" : "FIXED",
          "stderr" : null,
          "stdout" : null
        },
        {
          "age" : 0,
          "className" : "LookEngineBVT.BlueprintTest",
          "duration" : 59.038223,
          "errorDetails" : null,
          "errorStackTrace" : null,
          "failedSince" : 0,
          "name" : "TestCase543",
          "skipped" : false,
          "skippedMessage" : null,
          "status" : "FIXED",
          "stderr" : null,
          "stdout" : null
        },
        {
          "age" : 0,
          "className" : "LookEngineBVT.BlueprintTest",
          "duration" : 111.40246,
          "errorDetails" : null,
          "errorStackTrace" : null,
          "failedSince" : 0,
          "name" : "TestCase562",
          "skipped" : false,
          "skippedMessage" : null,
          "status" : "FIXED",
          "stderr" : null,
          "stdout" : null
        },
        {
          "age" : 0,
          "className" : "LookEngineBVT.BlueprintTest",
          "duration" : 68.68041,
          "errorDetails" : null,
          "errorStackTrace" : null,
          "failedSince" : 0,
          "name" : "TestCase589",
          "skipped" : false,
          "skippedMessage" : null,
          "status" : "PASSED",
          "stderr" : null,
          "stdout" : null
        },
        {
          "age" : 0,
          "className" : "LookEngineBVT.BlueprintTest",
          "duration" : 125.751564,
          "errorDetails" : null,
          "errorStackTrace" : null,
          "failedSince" : 0,
          "name" : "TextLogoTest",
          "skipped" : false,
          "skippedMessage" : null,
          "status" : "PASSED",
          "stderr" : null,
          "stdout" : null
        },
        {
          "age" : 0,
          "className" : "LookEngineBVT.BlueprintTest",
          "duration" : 143.61725,
          "errorDetails" : null,
          "errorStackTrace" : null,
          "failedSince" : 0,
          "name" : "TouchTileChangingLanguageTest",
          "skipped" : false,
          "skippedMessage" : null,
          "status" : "PASSED",
          "stderr" : null,
          "stdout" : null
        },
        {
          "age" : 0,
          "className" : "LookEngineBVT.BlueprintTest",
          "duration" : 126.30203,
          "errorDetails" : null,
          "errorStackTrace" : null,
          "failedSince" : 0,
          "name" : "TouchTilePromoToBookTest",
          "skipped" : false,
          "skippedMessage" : null,
          "status" : "PASSED",
          "stderr" : null,
          "stdout" : null
        },
        {
          "age" : 0,
          "className" : "LookEngineBVT.BlueprintTest",
          "duration" : 73.75076,
          "errorDetails" : null,
          "errorStackTrace" : null,
          "failedSince" : 0,
          "name" : "TouchTilePublishTest",
          "skipped" : false,
          "skippedMessage" : null,
          "status" : "PASSED",
          "stderr" : null,
          "stdout" : null
        },
        {
          "age" : 2,
          "className" : "LookEngineBVT.BlueprintTest",
          "duration" : 74.48289,
          "errorDetails" : null,
          "errorStackTrace" : "\nMESSAGE:\nTest method LookEngineBVT.BlueprintTest.TouchTileSweetNavBasicElementTest threw exception: \nOpenQA.Selenium.NoSuchElementException: Unable to locate element: {\"method\":\"link text\",\"selector\":\"UBICACIÃ“N\"}\nCommand duration or timeout: 4.01 seconds\nFor documentation on this error, please visit: http://seleniumhq.org/exceptions/no_such_element.html\nBuild info: version: '2.41.0', revision: '3192d8a', time: '2014-03-27 17:17:32'\nSystem info: host: 'WIN-13R0IA3PN04', ip: '10.231.168.218', os.name: 'Windows Server 2012', os.arch: 'amd64', os.version: '6.2', java.version: '1.7.0_55'\nSession ID: 820fcd74-3d69-415c-a921-45efcf697b87\nDriver info: org.openqa.selenium.firefox.FirefoxDriver\nCapabilities [{platform=XP, acceptSslCerts=true, javascriptEnabled=true, cssSelectorsEnabled=true, databaseEnabled=true, browserName=firefox, handlesAlerts=true, browserConnectionEnabled=true, webStorageEnabled=true, nativeEvents=false, rotatable=false, locationContextEnabled=true, applicationCacheEnabled=true, takesScreenshot=true, version=29.0.1}]\n+++++++++++++++++++\nSTACK TRACE:\n    at OpenQA.Selenium.Remote.RemoteWebDriver.UnpackAndThrowOnError(Response errorResponse) in c:\\Projects\\webdriver\\dotnet\\src\\webdriver\\Remote\\RemoteWebDriver.cs:line 1048\n   at OpenQA.Selenium.Remote.RemoteWebDriver.Execute(String driverCommandToExecute, Dictionary`2 parameters) in c:\\Projects\\webdriver\\dotnet\\src\\webdriver\\Remote\\RemoteWebDriver.cs:line 862\n   at OpenQA.Selenium.Remote.RemoteWebDriver.FindElement(String mechanism, String value) in c:\\Projects\\webdriver\\dotnet\\src\\webdriver\\Remote\\RemoteWebDriver.cs:line 893\n   at OpenQA.Selenium.Remote.RemoteWebDriver.FindElementByLinkText(String linkText) in c:\\Projects\\webdriver\\dotnet\\src\\webdriver\\Remote\\RemoteWebDriver.cs:line 525\n   at BVTTestProject.Pages.TouchTilePage.ClickLocationOnNav(String term) in d:\\buuteeqGit\\qa\\BVTTest\\Pages\\TouchTilePage.cs:line 89\n   at LookEngineBVT.BlueprintTest.TouchTileSweetNavBasicElementTest() in d:\\buuteeqGit\\qa\\LookEngineBVT\\BlueprintTest.cs:line 661\n",
          "failedSince" : 197,
          "name" : "TouchTileSweetNavBasicElementTest",
          "skipped" : false,
          "skippedMessage" : null,
          "status" : "FAILED",
          "stderr" : null,
          "stdout" : null
        },
        {
          "age" : 0,
          "className" : "LookEngineBVT.BlueprintTest",
          "duration" : 158.75717,
          "errorDetails" : null,
          "errorStackTrace" : null,
          "failedSince" : 0,
          "name" : "TuxedoChangingLanguageTest",
          "skipped" : false,
          "skippedMessage" : null,
          "status" : "PASSED",
          "stderr" : null,
          "stdout" : null
        },
        {
          "age" : 0,
          "className" : "LookEngineBVT.BlueprintTest",
          "duration" : 89.54691,
          "errorDetails" : null,
          "errorStackTrace" : null,
          "failedSince" : 0,
          "name" : "TuxedoPublishTest",
          "skipped" : false,
          "skippedMessage" : null,
          "status" : "PASSED",
          "stderr" : null,
          "stdout" : null
        },
        {
          "age" : 0,
          "className" : "LookEngineBVT.BlueprintTest",
          "duration" : 99.13816,
          "errorDetails" : null,
          "errorStackTrace" : null,
          "failedSince" : 0,
          "name" : "TuxedoSweetNavBasicElementTest",
          "skipped" : false,
          "skippedMessage" : null,
          "status" : "PASSED",
          "stderr" : null,
          "stdout" : null
        },
        {
          "age" : 0,
          "className" : "LookEngineBVT.BlueprintTest",
          "duration" : 109.92831,
          "errorDetails" : null,
          "errorStackTrace" : null,
          "failedSince" : 0,
          "name" : "WeatherWidgetTest",
          "skipped" : false,
          "skippedMessage" : null,
          "status" : "PASSED",
          "stderr" : null,
          "stdout" : null
        },
        {
          "age" : 6,
          "className" : "LookEngineBVT.CollectionTest",
          "duration" : 49.8168,
          "errorDetails" : null,
          "errorStackTrace" : "\nMESSAGE:\nTest method LookEngineBVT.CollectionTest.CentralizedCollectionHotelCategoryTest threw exception: \nOpenQA.Selenium.NoSuchElementException: Unable to locate element: {\"method\":\"link text\",\"selector\":\"Buenos Aires\"}\nCommand duration or timeout: 5.10 seconds\nFor documentation on this error, please visit: http://seleniumhq.org/exceptions/no_such_element.html\nBuild info: version: '2.41.0', revision: '3192d8a', time: '2014-03-27 17:17:32'\nSystem info: host: 'WIN-13R0IA3PN04', ip: '10.234.3.76', os.name: 'Windows Server 2012', os.arch: 'amd64', os.version: '6.2', java.version: '1.7.0_55'\nSession ID: b73e6312-57b8-4a98-b3fb-f5a47d7f3400\nDriver info: org.openqa.selenium.firefox.FirefoxDriver\nCapabilities [{platform=XP, acceptSslCerts=true, javascriptEnabled=true, cssSelectorsEnabled=true, databaseEnabled=true, browserName=firefox, handlesAlerts=true, browserConnectionEnabled=true, webStorageEnabled=true, nativeEvents=false, rotatable=false, locationContextEnabled=true, applicationCacheEnabled=true, takesScreenshot=true, version=29.0}]\n+++++++++++++++++++\nSTACK TRACE:\n    at OpenQA.Selenium.Remote.RemoteWebDriver.UnpackAndThrowOnError(Response errorResponse) in c:\\Projects\\webdriver\\dotnet\\src\\webdriver\\Remote\\RemoteWebDriver.cs:line 1048\n   at OpenQA.Selenium.Remote.RemoteWebDriver.Execute(String driverCommandToExecute, Dictionary`2 parameters) in c:\\Projects\\webdriver\\dotnet\\src\\webdriver\\Remote\\RemoteWebDriver.cs:line 862\n   at OpenQA.Selenium.Remote.RemoteWebElement.FindElement(String mechanism, String value) in c:\\Projects\\webdriver\\dotnet\\src\\webdriver\\Remote\\RemoteWebElement.cs:line 782\n   at OpenQA.Selenium.Remote.RemoteWebElement.FindElementByLinkText(String linkText) in c:\\Projects\\webdriver\\dotnet\\src\\webdriver\\Remote\\RemoteWebElement.cs:line 466\n   at OpenQA.Selenium.By.<>c__DisplayClass6.<LinkText>b__4(ISearchContext context) in c:\\Projects\\webdriver\\dotnet\\src\\webdriver\\By.cs:line 123\n   at OpenQA.Selenium.By.FindElement(ISearchContext context) in c:\\Projects\\webdriver\\dotnet\\src\\webdriver\\By.cs:line 309\n   at OpenQA.Selenium.Remote.RemoteWebElement.FindElement(By by) in c:\\Projects\\webdriver\\dotnet\\src\\webdriver\\Remote\\RemoteWebElement.cs:line 448\n   at LookEngineBVT.CollectionTest.CentralizedCollectionHotelCategoryTest() in d:\\buuteeqGit\\qa\\LookEngineBVT\\CollectionTest.cs:line 1319\n",
          "failedSince" : 193,
          "name" : "CentralizedCollectionHotelCategoryTest",
          "skipped" : false,
          "skippedMessage" : null,
          "status" : "FAILED",
          "stderr" : null,
          "stdout" : null
        },
        {
          "age" : 0,
          "className" : "LookEngineBVT.CollectionTest",
          "duration" : 52.046215,
          "errorDetails" : null,
          "errorStackTrace" : null,
          "failedSince" : 0,
          "name" : "CentralizedCollectionHotelFinderGrid",
          "skipped" : false,
          "skippedMessage" : null,
          "status" : "PASSED",
          "stderr" : null,
          "stdout" : null
        },
        {
          "age" : 0,
          "className" : "LookEngineBVT.CollectionTest",
          "duration" : 89.491295,
          "errorDetails" : null,
          "errorStackTrace" : null,
          "failedSince" : 0,
          "name" : "CentralizedCollectionHotelFinderLinkTest",
          "skipped" : false,
          "skippedMessage" : null,
          "status" : "PASSED",
          "stderr" : null,
          "stdout" : null
        },
        {
          "age" : 3,
          "className" : "LookEngineBVT.CollectionTest",
          "duration" : 38.390446,
          "errorDetails" : null,
          "errorStackTrace" : "\nMESSAGE:\nAssert.IsTrue failed. \n+++++++++++++++++++\nSTACK TRACE:\n   at BVTTestProject.Utilities.TestHelper.CheckReservation(String url, Hotel hotel) in d:\\buuteeqGit\\qa\\BVTTest\\Utilities\\TestHelper.cs:line 182\n   at LookEngineBVT.CollectionTest.CentralizedCollectionHotelFinderResLinkTest() in d:\\buuteeqGit\\qa\\LookEngineBVT\\CollectionTest.cs:line 1183\n",
          "failedSince" : 196,
          "name" : "CentralizedCollectionHotelFinderResLinkTest",
          "skipped" : false,
          "skippedMessage" : null,
          "status" : "FAILED",
          "stderr" : null,
          "stdout" : null
        },
        {
          "age" : 0,
          "className" : "LookEngineBVT.CollectionTest",
          "duration" : 59.900406,
          "errorDetails" : null,
          "errorStackTrace" : null,
          "failedSince" : 0,
          "name" : "CentralizedCollectionMobileMenu",
          "skipped" : false,
          "skippedMessage" : null,
          "status" : "PASSED",
          "stderr" : null,
          "stdout" : null
        },
        {
          "age" : 0,
          "className" : "LookEngineBVT.CollectionTest",
          "duration" : 68.02536,
          "errorDetails" : null,
          "errorStackTrace" : null,
          "failedSince" : 0,
          "name" : "CentralizedCollectionQuickRev",
          "skipped" : false,
          "skippedMessage" : null,
          "status" : "FIXED",
          "stderr" : null,
          "stdout" : null
        },
        {
          "age" : 2,
          "className" : "LookEngineBVT.CollectionTest",
          "duration" : 62.848465,
          "errorDetails" : null,
          "errorStackTrace" : "\nMESSAGE:\nAssert.AreNotEqual failed. Expected any value except:<0>. Actual:<0>. \nTestCleanup method LookEngineBVT.CollectionTest.Cleanup threw exception. System.Runtime.InteropServices.ExternalException: System.Runtime.InteropServices.ExternalException: A generic error occurred in GDI+..\n+++++++++++++++++++\nSTACK TRACE:\n   at LookEngineBVT.CollectionTest.CentralizedCollectionReservation() in d:\\buuteeqGit\\qa\\LookEngineBVT\\CollectionTest.cs:line 459\n\nTestCleanup Stack Trace\n    at System.Drawing.Image.Save(String filename, ImageCodecInfo encoder, EncoderParameters encoderParams)\n   at System.Drawing.Image.Save(String filename, ImageFormat format)\n   at OpenQA.Selenium.Screenshot.SaveAsFile(String fileName, ImageFormat format) in c:\\Projects\\webdriver\\dotnet\\src\\webdriver\\Screenshot.cs:line 74\n   at LookEngineBVT.TestBase.Cleanup() in d:\\buuteeqGit\\qa\\LookEngineBVT\\TestBase.cs:line 99\n",
          "failedSince" : 197,
          "name" : "CentralizedCollectionReservation",
          "skipped" : false,
          "skippedMessage" : null,
          "status" : "FAILED",
          "stderr" : null,
          "stdout" : null
        },
        {
          "age" : 0,
          "className" : "LookEngineBVT.CollectionTest",
          "duration" : 34.873547,
          "errorDetails" : null,
          "errorStackTrace" : null,
          "failedSince" : 0,
          "name" : "CentralizedCollectionSlideshow",
          "skipped" : false,
          "skippedMessage" : null,
          "status" : "PASSED",
          "stderr" : null,
          "stdout" : null
        },
        {
          "age" : 6,
          "className" : "LookEngineBVT.CollectionTest",
          "duration" : 69.28875,
          "errorDetails" : null,
          "errorStackTrace" : "\nMESSAGE:\nAssert.IsTrue failed. \n+++++++++++++++++++\nSTACK TRACE:\n   at LookEngineBVT.CollectionTest.CentralizedMemberAndParentFooter() in d:\\buuteeqGit\\qa\\LookEngineBVT\\CollectionTest.cs:line 1882\n",
          "failedSince" : 193,
          "name" : "CentralizedMemberAndParentFooter",
          "skipped" : false,
          "skippedMessage" : null,
          "status" : "FAILED",
          "stderr" : null,
          "stdout" : null
        },
        {
          "age" : 0,
          "className" : "LookEngineBVT.CollectionTest",
          "duration" : 160.70793,
          "errorDetails" : null,
          "errorStackTrace" : null,
          "failedSince" : 0,
          "name" : "CentralizedMemberPublishTest",
          "skipped" : false,
          "skippedMessage" : null,
          "status" : "PASSED",
          "stderr" : null,
          "stdout" : null
        },
        {
          "age" : 0,
          "className" : "LookEngineBVT.CollectionTest",
          "duration" : 82.58965,
          "errorDetails" : null,
          "errorStackTrace" : null,
          "failedSince" : 0,
          "name" : "CentralizedParentPublishTest",
          "skipped" : false,
          "skippedMessage" : null,
          "status" : "PASSED",
          "stderr" : null,
          "stdout" : null
        },
        {
          "age" : 0,
          "className" : "LookEngineBVT.CollectionTest",
          "duration" : 73.51824,
          "errorDetails" : null,
          "errorStackTrace" : null,
          "failedSince" : 0,
          "name" : "CheckCentralizedCollectionSitemapIndexXml",
          "skipped" : false,
          "skippedMessage" : null,
          "status" : "PASSED",
          "stderr" : null,
          "stdout" : null
        },
        {
          "age" : 0,
          "className" : "LookEngineBVT.CollectionTest",
          "duration" : 32.418434,
          "errorDetails" : null,
          "errorStackTrace" : null,
          "failedSince" : 0,
          "name" : "CheckParentBlueprintSetting",
          "skipped" : false,
          "skippedMessage" : null,
          "status" : "PASSED",
          "stderr" : null,
          "stdout" : null
        },
        {
          "age" : 0,
          "className" : "LookEngineBVT.CollectionTest",
          "duration" : 44.82021,
          "errorDetails" : null,
          "errorStackTrace" : null,
          "failedSince" : 0,
          "name" : "CheckParentRobotsTxt",
          "skipped" : false,
          "skippedMessage" : null,
          "status" : "PASSED",
          "stderr" : null,
          "stdout" : null
        },
        {
          "age" : 0,
          "className" : "LookEngineBVT.CollectionTest",
          "duration" : 24.287216,
          "errorDetails" : null,
          "errorStackTrace" : null,
          "failedSince" : 0,
          "name" : "CollectionExpandCloseQuickResTest",
          "skipped" : false,
          "skippedMessage" : null,
          "status" : "PASSED",
          "stderr" : null,
          "stdout" : null
        },
        {
          "age" : 0,
          "className" : "LookEngineBVT.CollectionTest",
          "duration" : 80.26734,
          "errorDetails" : null,
          "errorStackTrace" : null,
          "failedSince" : 0,
          "name" : "CollectionPromotionTest",
          "skipped" : false,
          "skippedMessage" : null,
          "status" : "PASSED",
          "stderr" : null,
          "stdout" : null
        },
        {
          "age" : 0,
          "className" : "LookEngineBVT.CollectionTest",
          "duration" : 47.358948,
          "errorDetails" : null,
          "errorStackTrace" : null,
          "failedSince" : 0,
          "name" : "CollectionSocialButtonTest",
          "skipped" : false,
          "skippedMessage" : null,
          "status" : "PASSED",
          "stderr" : null,
          "stdout" : null
        },
        {
          "age" : 0,
          "className" : "LookEngineBVT.CollectionTest",
          "duration" : 113.17866,
          "errorDetails" : null,
          "errorStackTrace" : null,
          "failedSince" : 0,
          "name" : "CollectionTop6Category",
          "skipped" : false,
          "skippedMessage" : null,
          "status" : "PASSED",
          "stderr" : null,
          "stdout" : null
        },
        {
          "age" : 0,
          "className" : "LookEngineBVT.CollectionTest",
          "duration" : 104.10261,
          "errorDetails" : null,
          "errorStackTrace" : null,
          "failedSince" : 0,
          "name" : "CollectionTop6Member",
          "skipped" : false,
          "skippedMessage" : null,
          "status" : "PASSED",
          "stderr" : null,
          "stdout" : null
        },
        {
          "age" : 14,
          "className" : "LookEngineBVT.CollectionTest",
          "duration" : 52.14281,
          "errorDetails" : null,
          "errorStackTrace" : "\nMESSAGE:\nTest method LookEngineBVT.CollectionTest.DeCentralizedCollectionHotelCategoryTest threw exception: \nOpenQA.Selenium.NoSuchElementException: Unable to locate element: {\"method\":\"link text\",\"selector\":\"Norte de Chile\"}\nCommand duration or timeout: 5.67 seconds\nFor documentation on this error, please visit: http://seleniumhq.org/exceptions/no_such_element.html\nBuild info: version: '2.41.0', revision: '3192d8a', time: '2014-03-27 17:17:32'\nSystem info: host: 'WIN-13R0IA3PN04', ip: '10.231.168.218', os.name: 'Windows Server 2012', os.arch: 'amd64', os.version: '6.2', java.version: '1.7.0_55'\nSession ID: 3f361b2d-3228-4660-b8eb-2d63a794f208\nDriver info: org.openqa.selenium.firefox.FirefoxDriver\nCapabilities [{platform=XP, acceptSslCerts=true, javascriptEnabled=true, cssSelectorsEnabled=true, databaseEnabled=true, browserName=firefox, handlesAlerts=true, browserConnectionEnabled=true, webStorageEnabled=true, nativeEvents=false, rotatable=false, locationContextEnabled=true, applicationCacheEnabled=true, takesScreenshot=true, version=29.0.1}]\n+++++++++++++++++++\nSTACK TRACE:\n    at OpenQA.Selenium.Remote.RemoteWebDriver.UnpackAndThrowOnError(Response errorResponse) in c:\\Projects\\webdriver\\dotnet\\src\\webdriver\\Remote\\RemoteWebDriver.cs:line 1048\n   at OpenQA.Selenium.Remote.RemoteWebDriver.Execute(String driverCommandToExecute, Dictionary`2 parameters) in c:\\Projects\\webdriver\\dotnet\\src\\webdriver\\Remote\\RemoteWebDriver.cs:line 862\n   at OpenQA.Selenium.Remote.RemoteWebDriver.FindElement(String mechanism, String value) in c:\\Projects\\webdriver\\dotnet\\src\\webdriver\\Remote\\RemoteWebDriver.cs:line 893\n   at OpenQA.Selenium.Remote.RemoteWebDriver.FindElementByLinkText(String linkText) in c:\\Projects\\webdriver\\dotnet\\src\\webdriver\\Remote\\RemoteWebDriver.cs:line 525\n   at LookEngineBVT.CollectionTest.DeCentralizedCollectionHotelCategoryTest() in d:\\buuteeqGit\\qa\\LookEngineBVT\\CollectionTest.cs:line 1250\n",
          "failedSince" : 185,
          "name" : "DeCentralizedCollectionHotelCategoryTest",
          "skipped" : false,
          "skippedMessage" : null,
          "status" : "FAILED",
          "stderr" : null,
          "stdout" : null
        },
        {
          "age" : 0,
          "className" : "LookEngineBVT.CollectionTest",
          "duration" : 57.561462,
          "errorDetails" : null,
          "errorStackTrace" : null,
          "failedSince" : 0,
          "name" : "DeCentralizedCollectionHotelFinderGrid",
          "skipped" : false,
          "skippedMessage" : null,
          "status" : "PASSED",
          "stderr" : null,
          "stdout" : null
        },
        {
          "age" : 0,
          "className" : "LookEngineBVT.CollectionTest",
          "duration" : 212.19675,
          "errorDetails" : null,
          "errorStackTrace" : null,
          "failedSince" : 0,
          "name" : "DecentralizedCollectionHotelFinderLinkTest",
          "skipped" : false,
          "skippedMessage" : null,
          "status" : "PASSED",
          "stderr" : null,
          "stdout" : null
        },
        {
          "age" : 2,
          "className" : "LookEngineBVT.CollectionTest",
          "duration" : 40.30299,
          "errorDetails" : null,
          "errorStackTrace" : "\nMESSAGE:\nAssert.AreEqual failed. Expected:<https://be.cohores.net/10433?NextPage=room_list&Nights={$NumberOfNights}&NumberOfAdults=1&Currency=USD&ArrivalDate={$CheckIN(yyyy-MM-dd)}&NumberOfRooms=1&PromoCode={$Promo}&SubSource=361>. Actual:<https://be.cohores.net/10433?NextPage=room_list&Nights=1&NumberOfAdults=1&Currency=USD&ArrivalDate=&NumberOfRooms=1&PromoCode=&SubSource=361>. Non buuteeq BE link of Hotel FIVE - Spring Special 15% Off! at http://pine.dev2preview.buuteeq.com/Properties should go to https://be.cohores.net/10433?NextPage=room_list&Nights={$NumberOfNights}&NumberOfAdults=1&Currency=USD&ArrivalDate={$CheckIN(yyyy-MM-dd)}&NumberOfRooms=1&PromoCode={$Promo}&SubSource=361\n+++++++++++++++++++\nSTACK TRACE:\n   at BVTTestProject.Utilities.TestHelper.CheckReservation(String url, Hotel hotel) in d:\\buuteeqGit\\qa\\BVTTest\\Utilities\\TestHelper.cs:line 174\n   at LookEngineBVT.CollectionTest.DecentralizedCollectionHotelFinderResLinkTest() in d:\\buuteeqGit\\qa\\LookEngineBVT\\CollectionTest.cs:line 1105\n",
          "failedSince" : 197,
          "name" : "DecentralizedCollectionHotelFinderResLinkTest",
          "skipped" : false,
          "skippedMessage" : null,
          "status" : "FAILED",
          "stderr" : null,
          "stdout" : null
        },
        {
          "age" : 0,
          "className" : "LookEngineBVT.CollectionTest",
          "duration" : 57.073025,
          "errorDetails" : null,
          "errorStackTrace" : null,
          "failedSince" : 0,
          "name" : "DeCentralizedCollectionMobileMenu",
          "skipped" : false,
          "skippedMessage" : null,
          "status" : "PASSED",
          "stderr" : null,
          "stdout" : null
        },
        {
          "age" : 0,
          "className" : "LookEngineBVT.CollectionTest",
          "duration" : 187.51965,
          "errorDetails" : null,
          "errorStackTrace" : null,
          "failedSince" : 0,
          "name" : "DeCentralizedCollectionQuickRev",
          "skipped" : false,
          "skippedMessage" : null,
          "status" : "PASSED",
          "stderr" : null,
          "stdout" : null
        },
        {
          "age" : 0,
          "className" : "LookEngineBVT.CollectionTest",
          "duration" : 53.253235,
          "errorDetails" : null,
          "errorStackTrace" : null,
          "failedSince" : 0,
          "name" : "DeCentralizedCollectionReservation",
          "skipped" : false,
          "skippedMessage" : null,
          "status" : "PASSED",
          "stderr" : null,
          "stdout" : null
        },
        {
          "age" : 0,
          "className" : "LookEngineBVT.CollectionTest",
          "duration" : 55.028053,
          "errorDetails" : null,
          "errorStackTrace" : null,
          "failedSince" : 0,
          "name" : "DeCentralizedCollectionSlideshow",
          "skipped" : false,
          "skippedMessage" : null,
          "status" : "PASSED",
          "stderr" : null,
          "stdout" : null
        },
        {
          "age" : 0,
          "className" : "LookEngineBVT.CollectionTest",
          "duration" : 167.24886,
          "errorDetails" : null,
          "errorStackTrace" : null,
          "failedSince" : 0,
          "name" : "DecentralizedMemberPublishTest",
          "skipped" : false,
          "skippedMessage" : null,
          "status" : "PASSED",
          "stderr" : null,
          "stdout" : null
        },
        {
          "age" : 0,
          "className" : "LookEngineBVT.CollectionTest",
          "duration" : 85.60475,
          "errorDetails" : null,
          "errorStackTrace" : null,
          "failedSince" : 0,
          "name" : "DecentralizedParentPublishTest",
          "skipped" : false,
          "skippedMessage" : null,
          "status" : "PASSED",
          "stderr" : null,
          "stdout" : null
        },
        {
          "age" : 0,
          "className" : "LookEngineBVT.CollectionTest",
          "duration" : 79.00054,
          "errorDetails" : null,
          "errorStackTrace" : null,
          "failedSince" : 0,
          "name" : "DeepSubNavigation",
          "skipped" : false,
          "skippedMessage" : null,
          "status" : "PASSED",
          "stderr" : null,
          "stdout" : null
        },
        {
          "age" : 0,
          "className" : "LookEngineBVT.CollectionTest",
          "duration" : 245.76468,
          "errorDetails" : null,
          "errorStackTrace" : null,
          "failedSince" : 0,
          "name" : "MemberCanonicalLink",
          "skipped" : false,
          "skippedMessage" : null,
          "status" : "PASSED",
          "stderr" : null,
          "stdout" : null
        },
        {
          "age" : 0,
          "className" : "LookEngineBVT.CollectionTest",
          "duration" : 52.897976,
          "errorDetails" : null,
          "errorStackTrace" : null,
          "failedSince" : 0,
          "name" : "MemberExternalDomain",
          "skipped" : false,
          "skippedMessage" : null,
          "status" : "PASSED",
          "stderr" : null,
          "stdout" : null
        },
        {
          "age" : 0,
          "className" : "LookEngineBVT.CollectionTest",
          "duration" : 78.73846,
          "errorDetails" : null,
          "errorStackTrace" : null,
          "failedSince" : 0,
          "name" : "ShallowLandingSubNavigation",
          "skipped" : false,
          "skippedMessage" : null,
          "status" : "PASSED",
          "stderr" : null,
          "stdout" : null
        },
        {
          "age" : 0,
          "className" : "LookEngineBVT.CollectionTest",
          "duration" : 67.27145,
          "errorDetails" : null,
          "errorStackTrace" : null,
          "failedSince" : 0,
          "name" : "ShallowSubNavigation",
          "skipped" : false,
          "skippedMessage" : null,
          "status" : "FIXED",
          "stderr" : null,
          "stdout" : null
        },
        {
          "age" : 6,
          "className" : "LookEngineBVT.SeoTest",
          "duration" : 115.85644,
          "errorDetails" : null,
          "errorStackTrace" : "\nMESSAGE:\nAssert.AreEqual failed. Expected:<http://h0t8p.dev2sweet.buuteeq.com/test-bvt-url>. Actual:<http://h0t8p.dev2sweet.buuteeq.com/>. \n+++++++++++++++++++\nSTACK TRACE:\n   at LookEngineBVT.SeoTest.AdvancedSeoTest() in d:\\buuteeqGit\\qa\\LookEngineBVT\\SeoTest.cs:line 418\n",
          "failedSince" : 193,
          "name" : "AdvancedSeoTest",
          "skipped" : false,
          "skippedMessage" : null,
          "status" : "FAILED",
          "stderr" : null,
          "stdout" : null
        },
        {
          "age" : 6,
          "className" : "LookEngineBVT.SeoTest",
          "duration" : 24.122673,
          "errorDetails" : null,
          "errorStackTrace" : "\nMESSAGE:\nTest method LookEngineBVT.SeoTest.ArticleSeoTest threw exception: \nSystem.InvalidOperationException: Sequence contains no elements\n+++++++++++++++++++\nSTACK TRACE:\n    at System.Linq.Enumerable.First[TSource](IEnumerable`1 source)\n   at LookEngineBVT.SeoTest.ArticleSeoTest() in d:\\buuteeqGit\\qa\\LookEngineBVT\\SeoTest.cs:line 170\n",
          "failedSince" : 193,
          "name" : "ArticleSeoTest",
          "skipped" : false,
          "skippedMessage" : null,
          "status" : "FAILED",
          "stderr" : null,
          "stdout" : null
        },
        {
          "age" : 2,
          "className" : "LookEngineBVT.SeoTest",
          "duration" : 104.69406,
          "errorDetails" : null,
          "errorStackTrace" : "\nMESSAGE:\nTest method LookEngineBVT.SeoTest.CheckbuuteeqcomRobotsTxt threw exception: \nOpenQA.Selenium.UnhandledAlertException: Modal dialog present: Error!Timeout expired.  The timeout period elapsed prior to completion of the operation or the server is not responding.\nBuild info: version: '2.41.0', revision: '3192d8a', time: '2014-03-27 17:17:32'\nSystem info: host: 'WIN-13R0IA3PN04', ip: '10.234.3.76', os.name: 'Windows Server 2012', os.arch: 'amd64', os.version: '6.2', java.version: '1.7.0_55'\nSession ID: 981fe8a5-67fa-4108-8c3a-c4b1600dccaf\nDriver info: org.openqa.selenium.firefox.FirefoxDriver\nCapabilities [{platform=XP, acceptSslCerts=true, javascriptEnabled=true, cssSelectorsEnabled=true, databaseEnabled=true, browserName=firefox, handlesAlerts=true, browserConnectionEnabled=true, webStorageEnabled=true, nativeEvents=false, rotatable=false, locationContextEnabled=true, applicationCacheEnabled=true, takesScreenshot=true, version=29.0}]\n+++++++++++++++++++\nSTACK TRACE:\n    at OpenQA.Selenium.Remote.RemoteWebDriver.UnpackAndThrowOnError(Response errorResponse) in c:\\Projects\\webdriver\\dotnet\\src\\webdriver\\Remote\\RemoteWebDriver.cs:line 1099\n   at OpenQA.Selenium.Remote.RemoteWebDriver.Execute(String driverCommandToExecute, Dictionary`2 parameters) in c:\\Projects\\webdriver\\dotnet\\src\\webdriver\\Remote\\RemoteWebDriver.cs:line 862\n   at OpenQA.Selenium.Remote.RemoteWebDriver.FindElement(String mechanism, String value) in c:\\Projects\\webdriver\\dotnet\\src\\webdriver\\Remote\\RemoteWebDriver.cs:line 893\n   at OpenQA.Selenium.Remote.RemoteWebDriver.FindElementById(String id) in c:\\Projects\\webdriver\\dotnet\\src\\webdriver\\Remote\\RemoteWebDriver.cs:line 455\n   at BVTTestProject.Pages.BackOfficePage.<>c__DisplayClass20.<Publish>b__1f(IWebDriver driver) in d:\\buuteeqGit\\qa\\BVTTest\\Pages\\BackOfficePage.cs:line 845\n   at OpenQA.Selenium.Support.UI.DefaultWait`1.Until[TResult](Func`2 condition) in c:\\Projects\\webdriver\\dotnet\\src\\support\\UI\\DefaultWait.cs:line 183\n   at BVTTestProject.Pages.BackOfficePage.Publish() in d:\\buuteeqGit\\qa\\BVTTest\\Pages\\BackOfficePage.cs:line 844\n   at BVTTestProject.Pages.BackOfficePage.CheckValidRobotsTxt(Hotel testHotel) in d:\\buuteeqGit\\qa\\BVTTest\\Pages\\BackOfficePage.cs:line 1670\n   at LookEngineBVT.SeoTest.CheckbuuteeqcomRobotsTxt() in d:\\buuteeqGit\\qa\\LookEngineBVT\\SeoTest.cs:line 471\n",
          "failedSince" : 197,
          "name" : "CheckbuuteeqcomRobotsTxt",
          "skipped" : false,
          "skippedMessage" : null,
          "status" : "FAILED",
          "stderr" : null,
          "stdout" : null
        },
        {
          "age" : 0,
          "className" : "LookEngineBVT.SeoTest",
          "duration" : 77.52111,
          "errorDetails" : null,
          "errorStackTrace" : null,
          "failedSince" : 0,
          "name" : "CheckChurnRobotsTxt",
          "skipped" : false,
          "skippedMessage" : null,
          "status" : "PASSED",
          "stderr" : null,
          "stdout" : null
        },
        {
          "age" : 0,
          "className" : "LookEngineBVT.SeoTest",
          "duration" : 72.2198,
          "errorDetails" : null,
          "errorStackTrace" : null,
          "failedSince" : 0,
          "name" : "CheckNonResponsiveSitemapIndexXml",
          "skipped" : false,
          "skippedMessage" : null,
          "status" : "PASSED",
          "stderr" : null,
          "stdout" : null
        },
        {
          "age" : 0,
          "className" : "LookEngineBVT.SeoTest",
          "duration" : 58.405376,
          "errorDetails" : null,
          "errorStackTrace" : null,
          "failedSince" : 0,
          "name" : "CheckResponsiveSitemapIndexXml",
          "skipped" : false,
          "skippedMessage" : null,
          "status" : "PASSED",
          "stderr" : null,
          "stdout" : null
        },
        {
          "age" : 1,
          "className" : "LookEngineBVT.SeoTest",
          "duration" : 53.8916,
          "errorDetails" : null,
          "errorStackTrace" : "\nMESSAGE:\nAssert.AreEqual failed. Expected:<User-agent: *\nSitemap: http://Hx16b.sweet.buuteeq.com/sitemapindex.xml\n>. Actual:<User-agent: *\nDisallow: />. \n+++++++++++++++++++\nSTACK TRACE:\n   at BVTTestProject.Pages.BackOfficePage.CheckValidRobotsTxt(Hotel testHotel) in d:\\buuteeqGit\\qa\\BVTTest\\Pages\\BackOfficePage.cs:line 1674\n   at LookEngineBVT.SeoTest.CheckRobotsTxt() in d:\\buuteeqGit\\qa\\LookEngineBVT\\SeoTest.cs:line 460\n",
          "failedSince" : 198,
          "name" : "CheckRobotsTxt",
          "skipped" : false,
          "skippedMessage" : null,
          "status" : "REGRESSION",
          "stderr" : null,
          "stdout" : null
        },
        {
          "age" : 3,
          "className" : "LookEngineBVT.SeoTest",
          "duration" : 33.858273,
          "errorDetails" : null,
          "errorStackTrace" : "\nMESSAGE:\nTest method LookEngineBVT.SeoTest.CheckStarterRobotsTxt threw exception: \nOpenQA.Selenium.NoSuchElementException: Unable to locate element: {\"method\":\"css selector\",\"selector\":\"li[sysmoduleid='324'] a\"}\nCommand duration or timeout: 3.06 seconds\nFor documentation on this error, please visit: http://seleniumhq.org/exceptions/no_such_element.html\nBuild info: version: '2.41.0', revision: '3192d8a', time: '2014-03-27 17:17:32'\nSystem info: host: 'WIN-13R0IA3PN04', ip: '10.234.3.76', os.name: 'Windows Server 2012', os.arch: 'amd64', os.version: '6.2', java.version: '1.7.0_55'\nSession ID: ca5bc4c5-551c-4334-a48c-854a0993a605\nDriver info: org.openqa.selenium.firefox.FirefoxDriver\nCapabilities [{platform=XP, acceptSslCerts=true, javascriptEnabled=true, cssSelectorsEnabled=true, databaseEnabled=true, browserName=firefox, handlesAlerts=true, browserConnectionEnabled=true, webStorageEnabled=true, nativeEvents=false, rotatable=false, locationContextEnabled=true, applicationCacheEnabled=true, takesScreenshot=true, version=29.0}]\n+++++++++++++++++++\nSTACK TRACE:\n    at OpenQA.Selenium.Remote.RemoteWebDriver.UnpackAndThrowOnError(Response errorResponse) in c:\\Projects\\webdriver\\dotnet\\src\\webdriver\\Remote\\RemoteWebDriver.cs:line 1048\n   at OpenQA.Selenium.Remote.RemoteWebDriver.Execute(String driverCommandToExecute, Dictionary`2 parameters) in c:\\Projects\\webdriver\\dotnet\\src\\webdriver\\Remote\\RemoteWebDriver.cs:line 862\n   at OpenQA.Selenium.Remote.RemoteWebDriver.FindElement(String mechanism, String value) in c:\\Projects\\webdriver\\dotnet\\src\\webdriver\\Remote\\RemoteWebDriver.cs:line 893\n   at OpenQA.Selenium.Remote.RemoteWebDriver.FindElementByCssSelector(String cssSelector) in c:\\Projects\\webdriver\\dotnet\\src\\webdriver\\Remote\\RemoteWebDriver.cs:line 692\n   at BVTTestProject.Pages.BackOfficePage.GetSubMenu(Int32 id) in d:\\buuteeqGit\\qa\\BVTTest\\Pages\\BackOfficePage.cs:line 718\n   at BVTTestProject.Pages.BackOfficePage.GoToSubMenu(Int32 id) in d:\\buuteeqGit\\qa\\BVTTest\\Pages\\BackOfficePage.cs:line 735\n   at BVTTestProject.Pages.BackOfficePage.Publish() in d:\\buuteeqGit\\qa\\BVTTest\\Pages\\BackOfficePage.cs:line 820\n   at BVTTestProject.Pages.BackOfficePage.CheckDisallowRobotxTxt(Hotel testHotel) in d:\\buuteeqGit\\qa\\BVTTest\\Pages\\BackOfficePage.cs:line 1683\n   at LookEngineBVT.SeoTest.CheckStarterRobotsTxt() in d:\\buuteeqGit\\qa\\LookEngineBVT\\SeoTest.cs:line 504\n",
          "failedSince" : 196,
          "name" : "CheckStarterRobotsTxt",
          "skipped" : false,
          "skippedMessage" : null,
          "status" : "FAILED",
          "stderr" : null,
          "stdout" : null
        },
        {
          "age" : 0,
          "className" : "LookEngineBVT.SeoTest",
          "duration" : 61.639732,
          "errorDetails" : null,
          "errorStackTrace" : null,
          "failedSince" : 0,
          "name" : "CheckSweetRobotsTxt",
          "skipped" : false,
          "skippedMessage" : null,
          "status" : "PASSED",
          "stderr" : null,
          "stdout" : null
        },
        {
          "age" : 0,
          "className" : "LookEngineBVT.SeoTest",
          "duration" : 37.17727,
          "errorDetails" : null,
          "errorStackTrace" : null,
          "failedSince" : 0,
          "name" : "HomepageSeoTest",
          "skipped" : false,
          "skippedMessage" : null,
          "status" : "PASSED",
          "stderr" : null,
          "stdout" : null
        },
        {
          "age" : 0,
          "className" : "LookEngineBVT.SeoTest",
          "duration" : 61.412052,
          "errorDetails" : null,
          "errorStackTrace" : null,
          "failedSince" : 0,
          "name" : "NewArticleDefaultSeoTest",
          "skipped" : false,
          "skippedMessage" : null,
          "status" : "PASSED",
          "stderr" : null,
          "stdout" : null
        },
        {
          "age" : 0,
          "className" : "LookEngineBVT.SeoTest",
          "duration" : 131.39218,
          "errorDetails" : null,
          "errorStackTrace" : null,
          "failedSince" : 0,
          "name" : "VerifySingleH1TagBoulevard",
          "skipped" : false,
          "skippedMessage" : null,
          "status" : "PASSED",
          "stderr" : null,
          "stdout" : null
        },
        {
          "age" : 0,
          "className" : "LookEngineBVT.SeoTest",
          "duration" : 68.77,
          "errorDetails" : null,
          "errorStackTrace" : null,
          "failedSince" : 0,
          "name" : "VerifySingleH1TagCollection",
          "skipped" : false,
          "skippedMessage" : null,
          "status" : "PASSED",
          "stderr" : null,
          "stdout" : null
        },
        {
          "age" : 0,
          "className" : "LookEngineBVT.SeoTest",
          "duration" : 65.4272,
          "errorDetails" : null,
          "errorStackTrace" : null,
          "failedSince" : 0,
          "name" : "VerifySingleH1TagTouchtile",
          "skipped" : false,
          "skippedMessage" : null,
          "status" : "PASSED",
          "stderr" : null,
          "stdout" : null
        },
        {
          "age" : 0,
          "className" : "LookEngineBVT.SpicyTest",
          "duration" : 72.91374,
          "errorDetails" : null,
          "errorStackTrace" : null,
          "failedSince" : 0,
          "name" : "BackOfficeChangeArticleHeaderTest",
          "skipped" : false,
          "skippedMessage" : null,
          "status" : "PASSED",
          "stderr" : null,
          "stdout" : null
        },
        {
          "age" : 0,
          "className" : "LookEngineBVT.SpicyTest",
          "duration" : 33.91154,
          "errorDetails" : null,
          "errorStackTrace" : null,
          "failedSince" : 0,
          "name" : "BackOfficeChangeHotelNameTest",
          "skipped" : false,
          "skippedMessage" : null,
          "status" : "PASSED",
          "stderr" : null,
          "stdout" : null
        },
        {
          "age" : 0,
          "className" : "LookEngineBVT.SpicyTest",
          "duration" : 30.332457,
          "errorDetails" : null,
          "errorStackTrace" : null,
          "failedSince" : 0,
          "name" : "BackOfficeLoginTest",
          "skipped" : false,
          "skippedMessage" : null,
          "status" : "PASSED",
          "stderr" : null,
          "stdout" : null
        },
        {
          "age" : 1,
          "className" : "LookEngineBVT.SpicyTest",
          "duration" : 79.02138,
          "errorDetails" : null,
          "errorStackTrace" : "\nMESSAGE:\nTest method LookEngineBVT.SpicyTest.BackofficeMenuExternalRoleTest threw exception: \nOpenQA.Selenium.UnhandledAlertException: Modal dialog present: Cannot find hotel by id=7157\nBuild info: version: '2.41.0', revision: '3192d8a', time: '2014-03-27 17:17:32'\nSystem info: host: 'WIN-13R0IA3PN04', ip: '10.234.3.76', os.name: 'Windows Server 2012', os.arch: 'amd64', os.version: '6.2', java.version: '1.7.0_55'\nSession ID: 584df971-a3bf-4c2c-a9fe-51f5a67cc1d0\nDriver info: org.openqa.selenium.firefox.FirefoxDriver\nCapabilities [{platform=XP, acceptSslCerts=true, javascriptEnabled=true, cssSelectorsEnabled=true, databaseEnabled=true, browserName=firefox, handlesAlerts=true, browserConnectionEnabled=true, webStorageEnabled=true, nativeEvents=false, rotatable=false, locationContextEnabled=true, applicationCacheEnabled=true, takesScreenshot=true, version=29.0}]\nTestCleanup method LookEngineBVT.SpicyTest.Cleanup threw exception. OpenQA.Selenium.UnhandledAlertException: OpenQA.Selenium.UnhandledAlertException: Modal dialog present: We are unable to contact the reservation service at this time.  Please contact us directly at 1234567890 to reserve a room or try again later.\nBuild info: version: '2.41.0', revision: '3192d8a', time: '2014-03-27 17:17:32'\nSystem info: host: 'WIN-13R0IA3PN04', ip: '10.234.3.76', os.name: 'Windows Server 2012', os.arch: 'amd64', os.version: '6.2', java.version: '1.7.0_55'\nSession ID: 584df971-a3bf-4c2c-a9fe-51f5a67cc1d0\nDriver info: org.openqa.selenium.firefox.FirefoxDriver\nCapabilities [{platform=XP, acceptSslCerts=true, javascriptEnabled=true, cssSelectorsEnabled=true, databaseEnabled=true, browserName=firefox, handlesAlerts=true, browserConnectionEnabled=true, webStorageEnabled=true, nativeEvents=false, rotatable=false, locationContextEnabled=true, applicationCacheEnabled=true, takesScreenshot=true, version=29.0}].\n+++++++++++++++++++\nSTACK TRACE:\n    at OpenQA.Selenium.Remote.RemoteWebDriver.UnpackAndThrowOnError(Response errorResponse) in c:\\Projects\\webdriver\\dotnet\\src\\webdriver\\Remote\\RemoteWebDriver.cs:line 1099\n   at OpenQA.Selenium.Remote.RemoteWebDriver.Execute(String driverCommandToExecute, Dictionary`2 parameters) in c:\\Projects\\webdriver\\dotnet\\src\\webdriver\\Remote\\RemoteWebDriver.cs:line 862\n   at OpenQA.Selenium.Remote.RemoteWebElement.get_Text() in c:\\Projects\\webdriver\\dotnet\\src\\webdriver\\Remote\\RemoteWebElement.cs:line 98\n   at BVTTestProject.Pages.BackOfficePage.TestMenus(List`1 list) in d:\\buuteeqGit\\qa\\BVTTest\\Pages\\BackOfficePage.cs:line 1909\n   at BVTTestProject.Pages.BackOfficePage.TestAllMenus() in d:\\buuteeqGit\\qa\\BVTTest\\Pages\\BackOfficePage.cs:line 1953\n   at LookEngineBVT.SpicyTest.BackofficeMenuExternalRoleTest() in d:\\buuteeqGit\\qa\\LookEngineBVT\\SpicyTest.cs:line 227\n\nTestCleanup Stack Trace\n    at OpenQA.Selenium.Remote.RemoteWebDriver.UnpackAndThrowOnError(Response errorResponse) in c:\\Projects\\webdriver\\dotnet\\src\\webdriver\\Remote\\RemoteWebDriver.cs:line 1099\n   at OpenQA.Selenium.Remote.RemoteWebDriver.Execute(String driverCommandToExecute, Dictionary`2 parameters) in c:\\Projects\\webdriver\\dotnet\\src\\webdriver\\Remote\\RemoteWebDriver.cs:line 862\n   at BVTTestProject.ScreenShotRemoteWebDriver.GetScreenshot() in d:\\buuteeqGit\\qa\\BVTTest\\Utilities\\ScreenshotRemoteWebDriver.cs:line 45\n   at LookEngineBVT.TestBase.Cleanup() in d:\\buuteeqGit\\qa\\LookEngineBVT\\TestBase.cs:line 99\n",
          "failedSince" : 198,
          "name" : "BackofficeMenuExternalRoleTest",
          "skipped" : false,
          "skippedMessage" : null,
          "status" : "REGRESSION",
          "stderr" : null,
          "stdout" : null
        },
        {
          "age" : 0,
          "className" : "LookEngineBVT.SpicyTest",
          "duration" : 242.67494,
          "errorDetails" : null,
          "errorStackTrace" : null,
          "failedSince" : 0,
          "name" : "BackofficeMenuInternalRoleTest",
          "skipped" : false,
          "skippedMessage" : null,
          "status" : "PASSED",
          "stderr" : null,
          "stdout" : null
        },
        {
          "age" : 0,
          "className" : "LookEngineBVT.SpicyTest",
          "duration" : 51.81312,
          "errorDetails" : null,
          "errorStackTrace" : null,
          "failedSince" : 0,
          "name" : "Bug5616",
          "skipped" : false,
          "skippedMessage" : null,
          "status" : "PASSED",
          "stderr" : null,
          "stdout" : null
        },
        {
          "age" : 0,
          "className" : "LookEngineBVT.SpicyTest",
          "duration" : 99.55489,
          "errorDetails" : null,
          "errorStackTrace" : null,
          "failedSince" : 0,
          "name" : "Bug5863",
          "skipped" : false,
          "skippedMessage" : null,
          "status" : "FIXED",
          "stderr" : null,
          "stdout" : null
        },
        {
          "age" : 0,
          "className" : "LookEngineBVT.SpicyTest",
          "duration" : 65.29136,
          "errorDetails" : null,
          "errorStackTrace" : null,
          "failedSince" : 0,
          "name" : "ChangeAscendBlueprint",
          "skipped" : false,
          "skippedMessage" : null,
          "status" : "PASSED",
          "stderr" : null,
          "stdout" : null
        },
        {
          "age" : 0,
          "className" : "LookEngineBVT.SpicyTest",
          "duration" : 69.93619,
          "errorDetails" : null,
          "errorStackTrace" : null,
          "failedSince" : 0,
          "name" : "ChangeBlueprint",
          "skipped" : false,
          "skippedMessage" : null,
          "status" : "PASSED",
          "stderr" : null,
          "stdout" : null
        },
        {
          "age" : 0,
          "className" : "LookEngineBVT.SpicyTest",
          "duration" : 52.96996,
          "errorDetails" : null,
          "errorStackTrace" : null,
          "failedSince" : 0,
          "name" : "ChangeBrandedBlueprint",
          "skipped" : false,
          "skippedMessage" : null,
          "status" : "PASSED",
          "stderr" : null,
          "stdout" : null
        },
        {
          "age" : 0,
          "className" : "LookEngineBVT.SpicyTest",
          "duration" : 97.39738,
          "errorDetails" : null,
          "errorStackTrace" : null,
          "failedSince" : 0,
          "name" : "ChangeBrandedToNonBrandedBlueprint",
          "skipped" : false,
          "skippedMessage" : null,
          "status" : "PASSED",
          "stderr" : null,
          "stdout" : null
        },
        {
          "age" : 0,
          "className" : "LookEngineBVT.SpicyTest",
          "duration" : 48.953114,
          "errorDetails" : null,
          "errorStackTrace" : null,
          "failedSince" : 0,
          "name" : "ChangeNonBrandedToBrandedBlueprint",
          "skipped" : false,
          "skippedMessage" : null,
          "status" : "PASSED",
          "stderr" : null,
          "stdout" : null
        },
        {
          "age" : 0,
          "className" : "LookEngineBVT.SpicyTest",
          "duration" : 83.1962,
          "errorDetails" : null,
          "errorStackTrace" : null,
          "failedSince" : 0,
          "name" : "CreateArticleLocalizationTest",
          "skipped" : false,
          "skippedMessage" : null,
          "status" : "PASSED",
          "stderr" : null,
          "stdout" : null
        },
        {
          "age" : 0,
          "className" : "LookEngineBVT.SpicyTest",
          "duration" : 126.428825,
          "errorDetails" : null,
          "errorStackTrace" : null,
          "failedSince" : 0,
          "name" : "CreateArticleTest",
          "skipped" : false,
          "skippedMessage" : null,
          "status" : "PASSED",
          "stderr" : null,
          "stdout" : null
        },
        {
          "age" : 3,
          "className" : "LookEngineBVT.SpicyTest",
          "duration" : 23.1316,
          "errorDetails" : null,
          "errorStackTrace" : "\nMESSAGE:\nTest method LookEngineBVT.SpicyTest.CreateArticleWithControlsTest threw exception: \nOpenQA.Selenium.WebDriverTimeoutException: Timed out after 10 seconds ---> OpenQA.Selenium.NoSuchElementException: Unable to locate element: {\"method\":\"xpath\",\"selector\":\"//a[@id='logolink']\"}\nCommand duration or timeout: 3.06 seconds\nFor documentation on this error, please visit: http://seleniumhq.org/exceptions/no_such_element.html\nBuild info: version: '2.41.0', revision: '3192d8a', time: '2014-03-27 17:17:32'\nSystem info: host: 'WIN-13R0IA3PN04', ip: '10.234.10.94', os.name: 'Windows Server 2012', os.arch: 'amd64', os.version: '6.2', java.version: '1.7.0_55'\nSession ID: 693eec22-1324-4c93-8316-6f326de5470c\nDriver info: org.openqa.selenium.firefox.FirefoxDriver\nCapabilities [{platform=XP, acceptSslCerts=true, javascriptEnabled=true, cssSelectorsEnabled=true, databaseEnabled=true, browserName=firefox, handlesAlerts=true, browserConnectionEnabled=true, webStorageEnabled=true, nativeEvents=false, rotatable=false, locationContextEnabled=true, applicationCacheEnabled=true, takesScreenshot=true, version=29.0}]\n+++++++++++++++++++\nSTACK TRACE:\n    at OpenQA.Selenium.Remote.RemoteWebDriver.UnpackAndThrowOnError(Response errorResponse) in c:\\Projects\\webdriver\\dotnet\\src\\webdriver\\Remote\\RemoteWebDriver.cs:line 1048\n   at OpenQA.Selenium.Remote.RemoteWebDriver.Execute(String driverCommandToExecute, Dictionary`2 parameters) in c:\\Projects\\webdriver\\dotnet\\src\\webdriver\\Remote\\RemoteWebDriver.cs:line 862\n   at OpenQA.Selenium.Remote.RemoteWebDriver.FindElement(String mechanism, String value) in c:\\Projects\\webdriver\\dotnet\\src\\webdriver\\Remote\\RemoteWebDriver.cs:line 893\n   at OpenQA.Selenium.Remote.RemoteWebDriver.FindElementByXPath(String xpath) in c:\\Projects\\webdriver\\dotnet\\src\\webdriver\\Remote\\RemoteWebDriver.cs:line 664\n   at BVTTestProject.ScreenShotRemoteWebDriver.<>c__DisplayClass1.<FindElementByXPath>b__0(IWebDriver drv) in d:\\buuteeqGit\\qa\\BVTTest\\Utilities\\ScreenshotRemoteWebDriver.cs:line 70\n   at OpenQA.Selenium.Support.UI.DefaultWait`1.Until[TResult](Func`2 condition) in c:\\Projects\\webdriver\\dotnet\\src\\support\\UI\\DefaultWait.cs:line 162\n --- End of inner exception stack trace ---\n    at OpenQA.Selenium.Support.UI.DefaultWait`1.ThrowTimeoutException(String exceptionMessage, Exception lastException) in c:\\Projects\\webdriver\\dotnet\\src\\support\\UI\\DefaultWait.cs:line 215\n   at OpenQA.Selenium.Support.UI.DefaultWait`1.Until[TResult](Func`2 condition) in c:\\Projects\\webdriver\\dotnet\\src\\support\\UI\\DefaultWait.cs:line 199\n   at BVTTestProject.ScreenShotRemoteWebDriver.FindElementByXPath(String xpath, Int32 timespan) in d:\\buuteeqGit\\qa\\BVTTest\\Utilities\\ScreenshotRemoteWebDriver.cs:line 70\n   at BVTTestProject.BackOfficePageModel.get_LogoLink() in d:\\buuteeqGit\\qa\\BVTTest\\PageModels\\BackOfficePageModel.cs:line 113\n   at BVTTestProject.Pages.BackOfficePage.SignIn() in d:\\buuteeqGit\\qa\\BVTTest\\Pages\\BackOfficePage.cs:line 80\n   at BVTTestProject.Pages.BackOfficePage.Login(String name, String pwd) in d:\\buuteeqGit\\qa\\BVTTest\\Pages\\BackOfficePage.cs:line 942\n   at BVTTestProject.Pages.BackOfficePage.LoginHotel(Hotel hotel, String userName, String password) in d:\\buuteeqGit\\qa\\BVTTest\\Pages\\BackOfficePage.cs:line 932\n   at LookEngineBVT.SpicyTest.CreateArticleWithControlsTest() in d:\\buuteeqGit\\qa\\LookEngineBVT\\SpicyTest.cs:line 497\n",
          "failedSince" : 196,
          "name" : "CreateArticleWithControlsTest",
          "skipped" : false,
          "skippedMessage" : null,
          "status" : "FAILED",
          "stderr" : null,
          "stdout" : null
        },
        {
          "age" : 0,
          "className" : "LookEngineBVT.SpicyTest",
          "duration" : 39.67586,
          "errorDetails" : null,
          "errorStackTrace" : null,
          "failedSince" : 0,
          "name" : "DeleteArticleFromArticleTreeTest",
          "skipped" : false,
          "skippedMessage" : null,
          "status" : "PASSED",
          "stderr" : null,
          "stdout" : null
        },
        {
          "age" : 0,
          "className" : "LookEngineBVT.SpicyTest",
          "duration" : 47.494373,
          "errorDetails" : null,
          "errorStackTrace" : null,
          "failedSince" : 0,
          "name" : "DoNotAllowDuplicateArticleNamesInArticleTreeTest",
          "skipped" : false,
          "skippedMessage" : null,
          "status" : "PASSED",
          "stderr" : null,
          "stdout" : null
        },
        {
          "age" : 18,
          "className" : "LookEngineBVT.SpicyTest",
          "duration" : 91.88868,
          "errorDetails" : null,
          "errorStackTrace" : "\nMESSAGE:\nAssert.IsTrue failed. Email Content: Delivered-To: forbuutest@gmail.com\nReceived: by 10.180.74.4 with SMTP id p4csp24659wiv;\n        Tue, 17 Jun 2014 02:48:03 -0700 (PDT)\nX-Received: by 10.224.165.70 with SMTP id h6mr34366047qay.78.1402998483368;\n        Tue, 17 Jun 2014 02:48:03 -0700 (PDT)\nReturn-Path: <00000146a939e659-752b6bf2-f157-43e2-9cc4-9ae973745a84-000000@amazonses.com>\nReceived: from a8-80.smtp-out.amazonses.com (a8-80.smtp-out.amazonses.com. [54.240.8.80])\n        by mx.google.com with ESMTPS id m104si13059839qgd.83.2014.06.17.02.48.03\n        for <forbuutest@gmail.com>\n        (version=TLSv1 cipher=ECDHE-RSA-RC4-SHA bits=128/128);\n        Tue, 17 Jun 2014 02:48:03 -0700 (PDT)\nReceived-SPF: pass (google.com: domain of 00000146a939e659-752b6bf2-f157-43e2-9cc4-9ae973745a84-000000@amazonses.com designates 54.240.8.80 as permitted sender) client-ip=54.240.8.80;\nAuthentication-Results: mx.google.com;\n       spf=pass (google.com: domain of 00000146a939e659-752b6bf2-f157-43e2-9cc4-9ae973745a84-000000@amazonses.com designates 54.240.8.80 as permitted sender) smtp.mail=00000146a939e659-752b6bf2-f157-43e2-9cc4-9ae973745a84-000000@amazonses.com\nFrom: No-reply <mail.system@buuteeq.com>\nTo: forbuutest@gmail.com\nSubject: Email Inquiry for Reservation [6/17/2014 2:48:02 AM]\nMIME-Version: 1.0\nContent-Type: multipart/alternative; \n\tboundary=\"----=_Part_392695_1287845351.1402998482524\"\nDate: Tue, 17 Jun 2014 09:48:02 +0000\nMessage-ID: <00000146a939e659-752b6bf2-f157-43e2-9cc4-9ae973745a84-000000@email.amazonses.com>\nX-SES-Outgoing: 2014.06.17-54.240.8.80\n\n------=_Part_392695_1287845351.1402998482524\nContent-Type: text/plain; charset=UTF-8\nContent-Transfer-Encoding: 7bit\n\nbuuteeq message content.\n------=_Part_392695_1287845351.1402998482524\nContent-Type: text/html; charset=UTF-8\nContent-Transfer-Encoding: 7bit\n\n<table width='650' border='0' cellspacing='0' cellpadding='15' style='color:#5F5F5F;font-family:Helvetica,Arial,sans-serif;font-size:12px;'>\n  <tr>\n    <td bgcolor='#FF6600' style='color:#fff;font-weight:bold;font-size:16px;'>Email Inquiry for Reservation</td>\n  </tr><tr><td style='padding:0;'><table  border='0' cellpadding='12 13 12 13' cellspacing='0' style='border:1px solid #ccc;width:648px;'>\n  <tr>\n    <td style='font-size:12px;color:#5F5F5F;font-family:Helvetica,Arial,sans-serif;'>Hello <strong style='font-size:14px;'>Eric TestPro</strong>,</td>\n  </tr>\n  <tr>\n    <td style='font-size:12px;color:#5F5F5F;line-height:20px;font-family:Helvetica,Arial,sans-serif;'>You have received an email from a visitor to your website. The email was sent from the inquiry of Reservation article form. Here are the details:</td>\n  </tr>\n  <tr>\n    <td align='center' style='padding:0;'><table width='618' border='0' cellspacing='0' cellpadding='0' bgcolor='#F3F3F3' style='border-bottom:1px solid #DFDFDF;text-align:left;table-layout:fixed;'>\n    <tr><td width='178'>&nbsp;</td><td width='440'>&nbsp;</td>\n\t</tr> <tr>\n        <td width='178' style='font-size:12px;text-align:right;color:#5F5F5F;font-family:Helvetica,Arial,sans-serif;vertical-align:top;'><p style='line-height:30px;margin:0;'>Your Email:</p></td>\n        <td width='440' style='text-align:left;vertical-align:top;' align='left'><p style='color:#000;font-family:Helvetica,Arial,sans-serif;text-align:left;font-weight:bold;margin:0;padding-left:10px;padding-right:10px;line-height:30px;'></p></td>\n      </tr> <tr>\n        <td width='178' style='font-size:12px;text-align:right;color:#5F5F5F;font-family:Helvetica,Arial,sans-serif;vertical-align:top;'><p style='line-height:30px;margin:0;'>Converting Page:</p></td>\n        <td width='440' style='text-align:left;vertical-align:top;' align='left'><p style='color:#000;font-family:Helvetica,Arial,sans-serif;text-align:left;font-weight:bold;margin:0;padding-left:10px;padding-right:10px;line-height:30px;'>bhbm7u7q.dev2sweet.buuteeq.com/</p></td>\n      </tr> <tr><td colspan='2'>&nbsp;</td></tr>\n    </table></td>\n  </tr>\n  <tr>\n    <td align='right'><div> <a href='http://www.buuteeq.com' target='_blank' style='color:#F58B34;text-decoration:none;font-size:12px;font-family:Helvetica,Arial,sans-serif;'> <em style='color:#5F5F5F;font-style:normal;'>Powered by </em>buuteeq </a></div></td>\n  </tr>\n</table></td></tr></table>\n------=_Part_392695_1287845351.1402998482524--\n.\n, 03:15\n+++++++++++++++++++\nSTACK TRACE:\n   at BVTTestProject.Utilities.TestHelper.CheckReservationEmail(String popServer, Int32 port, Boolean useSSL, String username, String password, Int32 minuteSpan) in d:\\buuteeqGit\\qa\\BVTTest\\Utilities\\TestHelper.cs:line 62\n   at LookEngineBVT.SpicyTest.EmailReservationBasicBookingTest() in d:\\buuteeqGit\\qa\\LookEngineBVT\\SpicyTest.cs:line 436\n",
          "failedSince" : 181,
          "name" : "EmailReservationBasicBookingTest",
          "skipped" : false,
          "skippedMessage" : null,
          "status" : "FAILED",
          "stderr" : null,
          "stdout" : null
        },
        {
          "age" : 0,
          "className" : "LookEngineBVT.SpicyTest",
          "duration" : 30.70809,
          "errorDetails" : null,
          "errorStackTrace" : null,
          "failedSince" : 0,
          "name" : "HideArticleFromArticleTreeTest",
          "skipped" : false,
          "skippedMessage" : null,
          "status" : "PASSED",
          "stderr" : null,
          "stdout" : null
        },
        {
          "age" : 0,
          "className" : "LookEngineBVT.SpicyTest",
          "duration" : 58.710323,
          "errorDetails" : null,
          "errorStackTrace" : null,
          "failedSince" : 0,
          "name" : "OneRoomNoFilter",
          "skipped" : false,
          "skippedMessage" : null,
          "status" : "FIXED",
          "stderr" : null,
          "stdout" : null
        },
        {
          "age" : 14,
          "className" : "LookEngineBVT.SpicyTest",
          "duration" : 40.538216,
          "errorDetails" : null,
          "errorStackTrace" : "\nMESSAGE:\nTestCleanup method LookEngineBVT.SpicyTest.Cleanup threw exception. System.InvalidOperationException: System.InvalidOperationException: Could not take screenshot of current page - TypeError: d.style is undefined\nBuild info: version: '2.41.0', revision: '3192d8a', time: '2014-03-27 17:17:32'\nSystem info: host: 'WIN-13R0IA3PN04', ip: '10.234.10.94', os.name: 'Windows Server 2012', os.arch: 'amd64', os.version: '6.2', java.version: '1.7.0_55'\nDriver info: driver.version: unknown.\n+++++++++++++++++++\nSTACK TRACE:\n    at OpenQA.Selenium.Remote.RemoteWebDriver.UnpackAndThrowOnError(Response errorResponse) in c:\\Projects\\webdriver\\dotnet\\src\\webdriver\\Remote\\RemoteWebDriver.cs:line 1067\n   at OpenQA.Selenium.Remote.RemoteWebDriver.Execute(String driverCommandToExecute, Dictionary`2 parameters) in c:\\Projects\\webdriver\\dotnet\\src\\webdriver\\Remote\\RemoteWebDriver.cs:line 862\n   at BVTTestProject.ScreenShotRemoteWebDriver.GetScreenshot() in d:\\buuteeqGit\\qa\\BVTTest\\Utilities\\ScreenshotRemoteWebDriver.cs:line 45\n   at LookEngineBVT.TestBase.Cleanup() in d:\\buuteeqGit\\qa\\LookEngineBVT\\TestBase.cs:line 99\n",
          "failedSince" : 185,
          "name" : "PreviewArticleFromArticleTreeTest",
          "skipped" : false,
          "skippedMessage" : null,
          "status" : "FAILED",
          "stderr" : null,
          "stdout" : null
        },
        {
          "age" : 0,
          "className" : "LookEngineBVT.SpicyTest",
          "duration" : 46.40743,
          "errorDetails" : null,
          "errorStackTrace" : null,
          "failedSince" : 0,
          "name" : "RenameArticleInArticleTreeTest",
          "skipped" : false,
          "skippedMessage" : null,
          "status" : "PASSED",
          "stderr" : null,
          "stdout" : null
        },
        {
          "age" : 0,
          "className" : "LookEngineBVT.SpicyTest",
          "duration" : 87.7414,
          "errorDetails" : null,
          "errorStackTrace" : null,
          "failedSince" : 0,
          "name" : "RepublishBoulevard",
          "skipped" : false,
          "skippedMessage" : null,
          "status" : "PASSED",
          "stderr" : null,
          "stdout" : null
        },
        {
          "age" : 0,
          "className" : "LookEngineBVT.SpicyTest",
          "duration" : 92.742744,
          "errorDetails" : null,
          "errorStackTrace" : null,
          "failedSince" : 0,
          "name" : "RepublishColonnade",
          "skipped" : false,
          "skippedMessage" : null,
          "status" : "PASSED",
          "stderr" : null,
          "stdout" : null
        },
        {
          "age" : 0,
          "className" : "LookEngineBVT.SpicyTest",
          "duration" : 83.65125,
          "errorDetails" : null,
          "errorStackTrace" : null,
          "failedSince" : 0,
          "name" : "RepublishMini",
          "skipped" : false,
          "skippedMessage" : null,
          "status" : "PASSED",
          "stderr" : null,
          "stdout" : null
        },
        {
          "age" : 0,
          "className" : "LookEngineBVT.SpicyTest",
          "duration" : 97.918396,
          "errorDetails" : null,
          "errorStackTrace" : null,
          "failedSince" : 0,
          "name" : "RepublishPanorama",
          "skipped" : false,
          "skippedMessage" : null,
          "status" : "PASSED",
          "stderr" : null,
          "stdout" : null
        },
        {
          "age" : 0,
          "className" : "LookEngineBVT.SpicyTest",
          "duration" : 92.92496,
          "errorDetails" : null,
          "errorStackTrace" : null,
          "failedSince" : 0,
          "name" : "RepublishPavilion",
          "skipped" : false,
          "skippedMessage" : null,
          "status" : "PASSED",
          "stderr" : null,
          "stdout" : null
        },
        {
          "age" : 0,
          "className" : "LookEngineBVT.SpicyTest",
          "duration" : 100.53305,
          "errorDetails" : null,
          "errorStackTrace" : null,
          "failedSince" : 0,
          "name" : "RepublishTouchTile",
          "skipped" : false,
          "skippedMessage" : null,
          "status" : "PASSED",
          "stderr" : null,
          "stdout" : null
        },
        {
          "age" : 0,
          "className" : "LookEngineBVT.SpicyTest",
          "duration" : 127.969696,
          "errorDetails" : null,
          "errorStackTrace" : null,
          "failedSince" : 0,
          "name" : "RepublishTuxedo",
          "skipped" : false,
          "skippedMessage" : null,
          "status" : "PASSED",
          "stderr" : null,
          "stdout" : null
        },
        {
          "age" : 0,
          "className" : "LookEngineBVT.SpicyTest",
          "duration" : 45.191635,
          "errorDetails" : null,
          "errorStackTrace" : null,
          "failedSince" : 0,
          "name" : "Test_ShowcaseChange_AssignAlbum",
          "skipped" : false,
          "skippedMessage" : null,
          "status" : "PASSED",
          "stderr" : null,
          "stdout" : null
        },
        {
          "age" : 0,
          "className" : "LookEngineBVT.SpicyTest",
          "duration" : 53.15396,
          "errorDetails" : null,
          "errorStackTrace" : null,
          "failedSince" : 0,
          "name" : "Test_ShowcaseChange_CreatenewAlbum",
          "skipped" : false,
          "skippedMessage" : null,
          "status" : "PASSED",
          "stderr" : null,
          "stdout" : null
        },
        {
          "age" : 0,
          "className" : "LookEngineBVT.SpicyTest",
          "duration" : 170.2165,
          "errorDetails" : null,
          "errorStackTrace" : null,
          "failedSince" : 0,
          "name" : "TestCase519",
          "skipped" : false,
          "skippedMessage" : null,
          "status" : "FIXED",
          "stderr" : null,
          "stdout" : null
        },
        {
          "age" : 0,
          "className" : "LookEngineBVT.SpicyTest",
          "duration" : 35.421516,
          "errorDetails" : null,
          "errorStackTrace" : null,
          "failedSince" : 0,
          "name" : "TestCase533",
          "skipped" : false,
          "skippedMessage" : null,
          "status" : "PASSED",
          "stderr" : null,
          "stdout" : null
        },
        {
          "age" : 0,
          "className" : "LookEngineBVT.SpicyTest",
          "duration" : 42.49551,
          "errorDetails" : null,
          "errorStackTrace" : null,
          "failedSince" : 0,
          "name" : "TestCase534",
          "skipped" : false,
          "skippedMessage" : null,
          "status" : "PASSED",
          "stderr" : null,
          "stdout" : null
        },
        {
          "age" : 0,
          "className" : "LookEngineBVT.SpicyTest",
          "duration" : 42.09364,
          "errorDetails" : null,
          "errorStackTrace" : null,
          "failedSince" : 0,
          "name" : "TestModalDialogAccept",
          "skipped" : false,
          "skippedMessage" : null,
          "status" : "PASSED",
          "stderr" : null,
          "stdout" : null
        },
        {
          "age" : 1,
          "className" : "LookEngineBVT.SpicyTest",
          "duration" : 24.170668,
          "errorDetails" : null,
          "errorStackTrace" : "\nMESSAGE:\nTest method LookEngineBVT.SpicyTest.TestPartnerRole threw exception: \nOpenQA.Selenium.NoSuchElementException: Unable to locate element: {\"method\":\"css selector\",\"selector\":\"#Settings_RoomStructure\"}\nCommand duration or timeout: 3.07 seconds\nFor documentation on this error, please visit: http://seleniumhq.org/exceptions/no_such_element.html\nBuild info: version: '2.41.0', revision: '3192d8a', time: '2014-03-27 17:17:32'\nSystem info: host: 'WIN-13R0IA3PN04', ip: '10.234.10.94', os.name: 'Windows Server 2012', os.arch: 'amd64', os.version: '6.2', java.version: '1.7.0_55'\nSession ID: f9c1d4d1-f9dc-4aba-b0ce-cfc6f2250a88\nDriver info: org.openqa.selenium.firefox.FirefoxDriver\nCapabilities [{platform=XP, acceptSslCerts=true, javascriptEnabled=true, cssSelectorsEnabled=true, databaseEnabled=true, browserName=firefox, handlesAlerts=true, browserConnectionEnabled=true, webStorageEnabled=true, nativeEvents=false, rotatable=false, locationContextEnabled=true, applicationCacheEnabled=true, takesScreenshot=true, version=29.0}]\n+++++++++++++++++++\nSTACK TRACE:\n    at OpenQA.Selenium.Remote.RemoteWebDriver.UnpackAndThrowOnError(Response errorResponse) in c:\\Projects\\webdriver\\dotnet\\src\\webdriver\\Remote\\RemoteWebDriver.cs:line 1048\n   at OpenQA.Selenium.Remote.RemoteWebDriver.Execute(String driverCommandToExecute, Dictionary`2 parameters) in c:\\Projects\\webdriver\\dotnet\\src\\webdriver\\Remote\\RemoteWebDriver.cs:line 862\n   at OpenQA.Selenium.Remote.RemoteWebDriver.FindElement(String mechanism, String value) in c:\\Projects\\webdriver\\dotnet\\src\\webdriver\\Remote\\RemoteWebDriver.cs:line 893\n   at OpenQA.Selenium.Remote.RemoteWebDriver.FindElementByCssSelector(String cssSelector) in c:\\Projects\\webdriver\\dotnet\\src\\webdriver\\Remote\\RemoteWebDriver.cs:line 692\n   at LookEngineBVT.SpicyTest.TestPartnerRole() in d:\\buuteeqGit\\qa\\LookEngineBVT\\SpicyTest.cs:line 725\n",
          "failedSince" : 198,
          "name" : "TestPartnerRole",
          "skipped" : false,
          "skippedMessage" : null,
          "status" : "REGRESSION",
          "stderr" : null,
          "stdout" : null
        },
        {
          "age" : 0,
          "className" : "LookEngineBVT.SpicyTest",
          "duration" : 24.636307,
          "errorDetails" : null,
          "errorStackTrace" : null,
          "failedSince" : 0,
          "name" : "XSSAccountSettings",
          "skipped" : false,
          "skippedMessage" : null,
          "status" : "PASSED",
          "stderr" : null,
          "stdout" : null
        },
        {
          "age" : 0,
          "className" : "LookEngineBVT.SpicyTest",
          "duration" : 13.159356,
          "errorDetails" : null,
          "errorStackTrace" : null,
          "failedSince" : 0,
          "name" : "XSSLoginPage",
          "skipped" : false,
          "skippedMessage" : null,
          "status" : "PASSED",
          "stderr" : null,
          "stdout" : null
        }
      ],
      "duration" : 12943.896,
      "id" : null,
      "name" : "MSTestSuite",
      "stderr" : null,
      "stdout" : null,
      "timestamp" : null
    }
  ]
}